   1              		.syntax unified
   2              		.cpu cortex-m3
   3              		.fpu softvfp
   4              		.eabi_attribute 20, 1
   5              		.eabi_attribute 21, 1
   6              		.eabi_attribute 23, 3
   7              		.eabi_attribute 24, 1
   8              		.eabi_attribute 25, 1
   9              		.eabi_attribute 26, 1
  10              		.eabi_attribute 30, 6
  11              		.eabi_attribute 34, 1
  12              		.eabi_attribute 18, 4
  13              		.thumb
  14              		.file	"lcp.c"
  15              		.text
  16              	.Ltext0:
  17              		.cfi_sections	.debug_frame
  18              	.Letext0:
DEFINED SYMBOLS
                            *ABS*:00000000 lcp.c
                           .group:00000000 wm4.0.2d80f1b5ce3c69d13e258577ddf29668
                           .group:00000000 wm4.lwipopts.h.25.76e03deb318fbe54d896a83c1b611e55
                           .group:00000000 wm4.arch.h.33.6fa4aa86d33d1490ae882caef7316405
                           .group:00000000 wm4.cpu.h.33.0ec64ad8cd52614da6479c7936fa3efa
                           .group:00000000 wm4.cc.h.49.217a0c46a6dd8448cb36cccbf00f897f
                           .group:00000000 wm4.arch.h.52.2e97dbd839a1aa815d8c47878a7f8e2b
                           .group:00000000 wm4.newlib.h.8.2702bca278809460f0af6fba1d84eb68
                           .group:00000000 wm4.features.h.22.2e382148a0560adabf236cddd4e880f4
                           .group:00000000 wm4.config.h.220.a09b0b0de3c25be3f39d71990e617bff
                           .group:00000000 wm4._ansi.h.23.9f8fcfa20193763fcf364fb91705c94b
                           .group:00000000 wm4.stdio.h.31.7c0e28c411445f3f9c5b11accf882760
                           .group:00000000 wm4._default_types.h.6.35ee9e747940367bf2a634907d1c2382
                           .group:00000000 wm4.stddef.h.184.159df79b4ca79c76561572a55985524c
                           .group:00000000 wm4.cdefs.h.47.3052445825803de6c3a3b68ec8193866
                           .group:00000000 wm4.stddef.h.39.7e3d906ac58942e0b374c527445f5de5
                           .group:00000000 wm4.stdarg.h.34.3a23a216c0c293b3d2ea2e89281481e6
                           .group:00000000 wm4.lock.h.2.9bc98482741e5e2a9450b12934a684ea
                           .group:00000000 wm4._types.h.54.d3d34a3b7f3cc230cd159baf022b4b08
                           .group:00000000 wm4.stddef.h.158.61317cdbfb4026324507d123a50b0fd6
                           .group:00000000 wm4.reent.h.17.8bd9e4098e0428508c282cad794fae43
                           .group:00000000 wm4.types.h.24.b2be5f53932a9c9d07787288b29b6d75
                           .group:00000000 wm4._stdint.h.10.f76354baea1c7088202064e6f3d4f5e3
                           .group:00000000 wm4.types.h.2.e9cec8c90ab35f77d9f499e06ae02400
                           .group:00000000 wm4.types.h.82.82b71f3f44c70e3a459d0f66642b05eb
                           .group:00000000 wm4.stdio.h.2.4aa87247282eca6c8f36f9de33d8df1a
                           .group:00000000 wm4.stdio.h.68.ff6d7571d3ad75c55f15e26dbaa81e35
                           .group:00000000 wm4.debug.h.45.223028a5c052c9f879ffd43dd519f3f1
                           .group:00000000 wm4.string.h.8.c4b8571ce60dff2817f43fec8b86aecd
                           .group:00000000 wm4.stddef.h.158.a7efb00f6cbc6f43213b50e183c9830c
                           .group:00000000 wm4.opt.h.76.0e16bb9c23144e1f631b5b5afa9a69f6

NO UNDEFINED SYMBOLS
