   1              		.syntax unified
   2              		.cpu cortex-m3
   3              		.fpu softvfp
   4              		.eabi_attribute 20, 1
   5              		.eabi_attribute 21, 1
   6              		.eabi_attribute 23, 3
   7              		.eabi_attribute 24, 1
   8              		.eabi_attribute 25, 1
   9              		.eabi_attribute 26, 1
  10              		.eabi_attribute 30, 6
  11              		.eabi_attribute 34, 1
  12              		.eabi_attribute 18, 4
  13              		.thumb
  14              		.file	"stats.c"
  15              		.text
  16              	.Ltext0:
  17              		.cfi_sections	.debug_frame
  18              		.comm	lwip_stats,576,4
  19              		.section	.rodata
  20              		.align	2
  21              	.LC14:
  22 0000 4D454D00 		.ascii	"MEM\000"
  23              		.align	2
  24              	.LC0:
  25 0004 5241575F 		.ascii	"RAW_PCB\000"
  25      50434200 
  26              		.align	2
  27              	.LC1:
  28 000c 5544505F 		.ascii	"UDP_PCB\000"
  28      50434200 
  29              		.align	2
  30              	.LC2:
  31 0014 5443505F 		.ascii	"TCP_PCB\000"
  31      50434200 
  32              		.align	2
  33              	.LC3:
  34 001c 5443505F 		.ascii	"TCP_PCB_LISTEN\000"
  34      5043425F 
  34      4C495354 
  34      454E00
  35 002b 00       		.align	2
  36              	.LC4:
  37 002c 5443505F 		.ascii	"TCP_SEG\000"
  37      53454700 
  38              		.align	2
  39              	.LC5:
  40 0034 52454153 		.ascii	"REASSDATA\000"
  40      53444154 
  40      4100
  41 003e 0000     		.align	2
  42              	.LC6:
  43 0040 46524147 		.ascii	"FRAG_PBUF\000"
  43      5F504255 
  43      4600
  44 004a 0000     		.align	2
  45              	.LC7:
  46 004c 4152505F 		.ascii	"ARP_QUEUE\000"
  46      51554555 
  46      4500
  47 0056 0000     		.align	2
  48              	.LC8:
  49 0058 5359535F 		.ascii	"SYS_TIMEOUT\000"
  49      54494D45 
  49      4F555400 
  50              		.align	2
  51              	.LC9:
  52 0064 50425546 		.ascii	"PBUF_REF/ROM\000"
  52      5F524546 
  52      2F524F4D 
  52      00
  53 0071 000000   		.align	2
  54              	.LC10:
  55 0074 50425546 		.ascii	"PBUF_POOL\000"
  55      5F504F4F 
  55      4C00
  56 007e 0000     		.align	2
  57              	.LC13:
  58 0080 04000000 		.word	.LC0
  59 0084 0C000000 		.word	.LC1
  60 0088 14000000 		.word	.LC2
  61 008c 1C000000 		.word	.LC3
  62 0090 2C000000 		.word	.LC4
  63 0094 34000000 		.word	.LC5
  64 0098 40000000 		.word	.LC6
  65 009c 4C000000 		.word	.LC7
  66 00a0 58000000 		.word	.LC8
  67 00a4 64000000 		.word	.LC9
  68 00a8 74000000 		.word	.LC10
  69              		.section	.text.stats_init,"ax",%progbits
  70              		.align	2
  71              		.global	stats_init
  72              		.thumb
  73              		.thumb_func
  75              	stats_init:
  76              	.LFB0:
  77              		.file 1 "../lwip-1.4.1/src/core/stats.c"
   1:../lwip-1.4.1/src/core/stats.c **** /**
   2:../lwip-1.4.1/src/core/stats.c ****  * @file
   3:../lwip-1.4.1/src/core/stats.c ****  * Statistics module
   4:../lwip-1.4.1/src/core/stats.c ****  *
   5:../lwip-1.4.1/src/core/stats.c ****  */
   6:../lwip-1.4.1/src/core/stats.c **** 
   7:../lwip-1.4.1/src/core/stats.c **** /*
   8:../lwip-1.4.1/src/core/stats.c ****  * Copyright (c) 2001-2004 Swedish Institute of Computer Science.
   9:../lwip-1.4.1/src/core/stats.c ****  * All rights reserved. 
  10:../lwip-1.4.1/src/core/stats.c ****  * 
  11:../lwip-1.4.1/src/core/stats.c ****  * Redistribution and use in source and binary forms, with or without modification, 
  12:../lwip-1.4.1/src/core/stats.c ****  * are permitted provided that the following conditions are met:
  13:../lwip-1.4.1/src/core/stats.c ****  *
  14:../lwip-1.4.1/src/core/stats.c ****  * 1. Redistributions of source code must retain the above copyright notice,
  15:../lwip-1.4.1/src/core/stats.c ****  *    this list of conditions and the following disclaimer.
  16:../lwip-1.4.1/src/core/stats.c ****  * 2. Redistributions in binary form must reproduce the above copyright notice,
  17:../lwip-1.4.1/src/core/stats.c ****  *    this list of conditions and the following disclaimer in the documentation
  18:../lwip-1.4.1/src/core/stats.c ****  *    and/or other materials provided with the distribution.
  19:../lwip-1.4.1/src/core/stats.c ****  * 3. The name of the author may not be used to endorse or promote products
  20:../lwip-1.4.1/src/core/stats.c ****  *    derived from this software without specific prior written permission. 
  21:../lwip-1.4.1/src/core/stats.c ****  *
  22:../lwip-1.4.1/src/core/stats.c ****  * THIS SOFTWARE IS PROVIDED BY THE AUTHOR ``AS IS'' AND ANY EXPRESS OR IMPLIED 
  23:../lwip-1.4.1/src/core/stats.c ****  * WARRANTIES, INCLUDING, BUT NOT LIMITED TO, THE IMPLIED WARRANTIES OF 
  24:../lwip-1.4.1/src/core/stats.c ****  * MERCHANTABILITY AND FITNESS FOR A PARTICULAR PURPOSE ARE DISCLAIMED. IN NO EVENT 
  25:../lwip-1.4.1/src/core/stats.c ****  * SHALL THE AUTHOR BE LIABLE FOR ANY DIRECT, INDIRECT, INCIDENTAL, SPECIAL, 
  26:../lwip-1.4.1/src/core/stats.c ****  * EXEMPLARY, OR CONSEQUENTIAL DAMAGES (INCLUDING, BUT NOT LIMITED TO, PROCUREMENT 
  27:../lwip-1.4.1/src/core/stats.c ****  * OF SUBSTITUTE GOODS OR SERVICES; LOSS OF USE, DATA, OR PROFITS; OR BUSINESS 
  28:../lwip-1.4.1/src/core/stats.c ****  * INTERRUPTION) HOWEVER CAUSED AND ON ANY THEORY OF LIABILITY, WHETHER IN 
  29:../lwip-1.4.1/src/core/stats.c ****  * CONTRACT, STRICT LIABILITY, OR TORT (INCLUDING NEGLIGENCE OR OTHERWISE) ARISING 
  30:../lwip-1.4.1/src/core/stats.c ****  * IN ANY WAY OUT OF THE USE OF THIS SOFTWARE, EVEN IF ADVISED OF THE POSSIBILITY 
  31:../lwip-1.4.1/src/core/stats.c ****  * OF SUCH DAMAGE.
  32:../lwip-1.4.1/src/core/stats.c ****  *
  33:../lwip-1.4.1/src/core/stats.c ****  * This file is part of the lwIP TCP/IP stack.
  34:../lwip-1.4.1/src/core/stats.c ****  * 
  35:../lwip-1.4.1/src/core/stats.c ****  * Author: Adam Dunkels <adam@sics.se>
  36:../lwip-1.4.1/src/core/stats.c ****  *
  37:../lwip-1.4.1/src/core/stats.c ****  */
  38:../lwip-1.4.1/src/core/stats.c **** 
  39:../lwip-1.4.1/src/core/stats.c **** #include "lwip/opt.h"
  40:../lwip-1.4.1/src/core/stats.c **** 
  41:../lwip-1.4.1/src/core/stats.c **** #if LWIP_STATS /* don't build if not configured for use in lwipopts.h */
  42:../lwip-1.4.1/src/core/stats.c **** 
  43:../lwip-1.4.1/src/core/stats.c **** #include "lwip/def.h"
  44:../lwip-1.4.1/src/core/stats.c **** #include "lwip/stats.h"
  45:../lwip-1.4.1/src/core/stats.c **** #include "lwip/mem.h"
  46:../lwip-1.4.1/src/core/stats.c **** 
  47:../lwip-1.4.1/src/core/stats.c **** #include <string.h>
  48:../lwip-1.4.1/src/core/stats.c **** 
  49:../lwip-1.4.1/src/core/stats.c **** struct stats_ lwip_stats;
  50:../lwip-1.4.1/src/core/stats.c **** 
  51:../lwip-1.4.1/src/core/stats.c **** void stats_init(void)
  52:../lwip-1.4.1/src/core/stats.c **** {
  78              		.loc 1 52 0
  79              		.cfi_startproc
  80              		@ args = 0, pretend = 0, frame = 48
  81              		@ frame_needed = 1, uses_anonymous_args = 0
  82              		@ link register save eliminated.
  83 0000 B0B4     		push	{r4, r5, r7}
  84              		.cfi_def_cfa_offset 12
  85              		.cfi_offset 4, -12
  86              		.cfi_offset 5, -8
  87              		.cfi_offset 7, -4
  88 0002 8DB0     		sub	sp, sp, #52
  89              		.cfi_def_cfa_offset 64
  90 0004 00AF     		add	r7, sp, #0
  91              		.cfi_def_cfa_register 7
  53:../lwip-1.4.1/src/core/stats.c **** #ifdef LWIP_DEBUG
  54:../lwip-1.4.1/src/core/stats.c **** #if MEMP_STATS
  55:../lwip-1.4.1/src/core/stats.c ****   const char * memp_names[] = {
  92              		.loc 1 55 0
  93 0006 164B     		ldr	r3, .L4
  94 0008 3C46     		mov	r4, r7
  95 000a 1D46     		mov	r5, r3
  96 000c 0FCD     		ldmia	r5!, {r0, r1, r2, r3}
  97 000e 0FC4     		stmia	r4!, {r0, r1, r2, r3}
  98 0010 0FCD     		ldmia	r5!, {r0, r1, r2, r3}
  99 0012 0FC4     		stmia	r4!, {r0, r1, r2, r3}
 100 0014 95E80700 		ldmia	r5, {r0, r1, r2}
 101 0018 84E80700 		stmia	r4, {r0, r1, r2}
  56:../lwip-1.4.1/src/core/stats.c **** #define LWIP_MEMPOOL(name,num,size,desc) desc,
  57:../lwip-1.4.1/src/core/stats.c **** #include "lwip/memp_std.h"
  58:../lwip-1.4.1/src/core/stats.c ****   };
  59:../lwip-1.4.1/src/core/stats.c ****   int i;
  60:../lwip-1.4.1/src/core/stats.c ****   for (i = 0; i < MEMP_MAX; i++) {
 102              		.loc 1 60 0
 103 001c 0023     		movs	r3, #0
 104 001e FB62     		str	r3, [r7, #44]
 105 0020 13E0     		b	.L2
 106              	.L3:
  61:../lwip-1.4.1/src/core/stats.c ****     lwip_stats.memp[i].name = memp_names[i];
 107              		.loc 1 61 0 discriminator 3
 108 0022 FB6A     		ldr	r3, [r7, #44]
 109 0024 9B00     		lsls	r3, r3, #2
 110 0026 07F13002 		add	r2, r7, #48
 111 002a 1344     		add	r3, r3, r2
 112 002c 53F8301C 		ldr	r1, [r3, #-48]
 113 0030 0C48     		ldr	r0, .L4+4
 114 0032 FA6A     		ldr	r2, [r7, #44]
 115 0034 1346     		mov	r3, r2
 116 0036 9B00     		lsls	r3, r3, #2
 117 0038 1344     		add	r3, r3, r2
 118 003a 9B00     		lsls	r3, r3, #2
 119 003c 0344     		add	r3, r3, r0
 120 003e 03F5B073 		add	r3, r3, #352
 121 0042 5960     		str	r1, [r3, #4]
  60:../lwip-1.4.1/src/core/stats.c ****     lwip_stats.memp[i].name = memp_names[i];
 122              		.loc 1 60 0 discriminator 3
 123 0044 FB6A     		ldr	r3, [r7, #44]
 124 0046 0133     		adds	r3, r3, #1
 125 0048 FB62     		str	r3, [r7, #44]
 126              	.L2:
  60:../lwip-1.4.1/src/core/stats.c ****     lwip_stats.memp[i].name = memp_names[i];
 127              		.loc 1 60 0 is_stmt 0 discriminator 1
 128 004a FB6A     		ldr	r3, [r7, #44]
 129 004c 0A2B     		cmp	r3, #10
 130 004e E8DD     		ble	.L3
  62:../lwip-1.4.1/src/core/stats.c ****   }
  63:../lwip-1.4.1/src/core/stats.c **** #endif /* MEMP_STATS */
  64:../lwip-1.4.1/src/core/stats.c **** #if MEM_STATS
  65:../lwip-1.4.1/src/core/stats.c ****   lwip_stats.mem.name = "MEM";
 131              		.loc 1 65 0 is_stmt 1
 132 0050 044B     		ldr	r3, .L4+4
 133 0052 054A     		ldr	r2, .L4+8
 134 0054 C3F85021 		str	r2, [r3, #336]
  66:../lwip-1.4.1/src/core/stats.c **** #endif /* MEM_STATS */
  67:../lwip-1.4.1/src/core/stats.c **** #endif /* LWIP_DEBUG */
  68:../lwip-1.4.1/src/core/stats.c **** }
 135              		.loc 1 68 0
 136 0058 3437     		adds	r7, r7, #52
 137              		.cfi_def_cfa_offset 12
 138 005a BD46     		mov	sp, r7
 139              		.cfi_def_cfa_register 13
 140              		@ sp needed
 141 005c B0BC     		pop	{r4, r5, r7}
 142              		.cfi_restore 7
 143              		.cfi_restore 5
 144              		.cfi_restore 4
 145              		.cfi_def_cfa_offset 0
 146 005e 7047     		bx	lr
 147              	.L5:
 148              		.align	2
 149              	.L4:
 150 0060 80000000 		.word	.LC13
 151 0064 00000000 		.word	lwip_stats
 152 0068 00000000 		.word	.LC14
 153              		.cfi_endproc
 154              	.LFE0:
 156              		.section	.rodata
 157              		.align	2
 158              	.LC15:
 159 00ac 0A25730A 		.ascii	"\012%s\012\011\000"
 159      0900
 160 00b2 0000     		.align	2
 161              	.LC16:
 162 00b4 786D6974 		.ascii	"xmit: %u\012\011\000"
 162      3A202575 
 162      0A0900
 163 00bf 00       		.align	2
 164              	.LC17:
 165 00c0 72656376 		.ascii	"recv: %u\012\011\000"
 165      3A202575 
 165      0A0900
 166 00cb 00       		.align	2
 167              	.LC18:
 168 00cc 66773A20 		.ascii	"fw: %u\012\011\000"
 168      25750A09 
 168      00
 169 00d5 000000   		.align	2
 170              	.LC19:
 171 00d8 64726F70 		.ascii	"drop: %u\012\011\000"
 171      3A202575 
 171      0A0900
 172 00e3 00       		.align	2
 173              	.LC20:
 174 00e4 63686B65 		.ascii	"chkerr: %u\012\011\000"
 174      72723A20 
 174      25750A09 
 174      00
 175 00f1 000000   		.align	2
 176              	.LC21:
 177 00f4 6C656E65 		.ascii	"lenerr: %u\012\011\000"
 177      72723A20 
 177      25750A09 
 177      00
 178 0101 000000   		.align	2
 179              	.LC22:
 180 0104 6D656D65 		.ascii	"memerr: %u\012\011\000"
 180      72723A20 
 180      25750A09 
 180      00
 181 0111 000000   		.align	2
 182              	.LC23:
 183 0114 72746572 		.ascii	"rterr: %u\012\011\000"
 183      723A2025 
 183      750A0900 
 184              		.align	2
 185              	.LC24:
 186 0120 70726F74 		.ascii	"proterr: %u\012\011\000"
 186      6572723A 
 186      2025750A 
 186      0900
 187 012e 0000     		.align	2
 188              	.LC25:
 189 0130 6F707465 		.ascii	"opterr: %u\012\011\000"
 189      72723A20 
 189      25750A09 
 189      00
 190 013d 000000   		.align	2
 191              	.LC26:
 192 0140 6572723A 		.ascii	"err: %u\012\011\000"
 192      2025750A 
 192      0900
 193 014a 0000     		.align	2
 194              	.LC27:
 195 014c 63616368 		.ascii	"cachehit: %u\012\000"
 195      65686974 
 195      3A202575 
 195      0A00
 196              		.section	.text.stats_display_proto,"ax",%progbits
 197              		.align	2
 198              		.global	stats_display_proto
 199              		.thumb
 200              		.thumb_func
 202              	stats_display_proto:
 203              	.LFB1:
  69:../lwip-1.4.1/src/core/stats.c **** 
  70:../lwip-1.4.1/src/core/stats.c **** #if LWIP_STATS_DISPLAY
  71:../lwip-1.4.1/src/core/stats.c **** void
  72:../lwip-1.4.1/src/core/stats.c **** stats_display_proto(struct stats_proto *proto, const char *name)
  73:../lwip-1.4.1/src/core/stats.c **** {
 204              		.loc 1 73 0
 205              		.cfi_startproc
 206              		@ args = 0, pretend = 0, frame = 8
 207              		@ frame_needed = 1, uses_anonymous_args = 0
 208 0000 80B5     		push	{r7, lr}
 209              		.cfi_def_cfa_offset 8
 210              		.cfi_offset 7, -8
 211              		.cfi_offset 14, -4
 212 0002 82B0     		sub	sp, sp, #8
 213              		.cfi_def_cfa_offset 16
 214 0004 00AF     		add	r7, sp, #0
 215              		.cfi_def_cfa_register 7
 216 0006 7860     		str	r0, [r7, #4]
 217 0008 3960     		str	r1, [r7]
  74:../lwip-1.4.1/src/core/stats.c ****   LWIP_PLATFORM_DIAG(("\n%s\n\t", name));
 218              		.loc 1 74 0
 219 000a 2748     		ldr	r0, .L7
 220 000c 3968     		ldr	r1, [r7]
 221 000e FFF7FEFF 		bl	printf
  75:../lwip-1.4.1/src/core/stats.c ****   LWIP_PLATFORM_DIAG(("xmit: %"STAT_COUNTER_F"\n\t", proto->xmit)); 
 222              		.loc 1 75 0
 223 0012 7B68     		ldr	r3, [r7, #4]
 224 0014 1B68     		ldr	r3, [r3]
 225 0016 2548     		ldr	r0, .L7+4
 226 0018 1946     		mov	r1, r3
 227 001a FFF7FEFF 		bl	printf
  76:../lwip-1.4.1/src/core/stats.c ****   LWIP_PLATFORM_DIAG(("recv: %"STAT_COUNTER_F"\n\t", proto->recv)); 
 228              		.loc 1 76 0
 229 001e 7B68     		ldr	r3, [r7, #4]
 230 0020 5B68     		ldr	r3, [r3, #4]
 231 0022 2348     		ldr	r0, .L7+8
 232 0024 1946     		mov	r1, r3
 233 0026 FFF7FEFF 		bl	printf
  77:../lwip-1.4.1/src/core/stats.c ****   LWIP_PLATFORM_DIAG(("fw: %"STAT_COUNTER_F"\n\t", proto->fw)); 
 234              		.loc 1 77 0
 235 002a 7B68     		ldr	r3, [r7, #4]
 236 002c 9B68     		ldr	r3, [r3, #8]
 237 002e 2148     		ldr	r0, .L7+12
 238 0030 1946     		mov	r1, r3
 239 0032 FFF7FEFF 		bl	printf
  78:../lwip-1.4.1/src/core/stats.c ****   LWIP_PLATFORM_DIAG(("drop: %"STAT_COUNTER_F"\n\t", proto->drop)); 
 240              		.loc 1 78 0
 241 0036 7B68     		ldr	r3, [r7, #4]
 242 0038 DB68     		ldr	r3, [r3, #12]
 243 003a 1F48     		ldr	r0, .L7+16
 244 003c 1946     		mov	r1, r3
 245 003e FFF7FEFF 		bl	printf
  79:../lwip-1.4.1/src/core/stats.c ****   LWIP_PLATFORM_DIAG(("chkerr: %"STAT_COUNTER_F"\n\t", proto->chkerr)); 
 246              		.loc 1 79 0
 247 0042 7B68     		ldr	r3, [r7, #4]
 248 0044 1B69     		ldr	r3, [r3, #16]
 249 0046 1D48     		ldr	r0, .L7+20
 250 0048 1946     		mov	r1, r3
 251 004a FFF7FEFF 		bl	printf
  80:../lwip-1.4.1/src/core/stats.c ****   LWIP_PLATFORM_DIAG(("lenerr: %"STAT_COUNTER_F"\n\t", proto->lenerr)); 
 252              		.loc 1 80 0
 253 004e 7B68     		ldr	r3, [r7, #4]
 254 0050 5B69     		ldr	r3, [r3, #20]
 255 0052 1B48     		ldr	r0, .L7+24
 256 0054 1946     		mov	r1, r3
 257 0056 FFF7FEFF 		bl	printf
  81:../lwip-1.4.1/src/core/stats.c ****   LWIP_PLATFORM_DIAG(("memerr: %"STAT_COUNTER_F"\n\t", proto->memerr)); 
 258              		.loc 1 81 0
 259 005a 7B68     		ldr	r3, [r7, #4]
 260 005c 9B69     		ldr	r3, [r3, #24]
 261 005e 1948     		ldr	r0, .L7+28
 262 0060 1946     		mov	r1, r3
 263 0062 FFF7FEFF 		bl	printf
  82:../lwip-1.4.1/src/core/stats.c ****   LWIP_PLATFORM_DIAG(("rterr: %"STAT_COUNTER_F"\n\t", proto->rterr)); 
 264              		.loc 1 82 0
 265 0066 7B68     		ldr	r3, [r7, #4]
 266 0068 DB69     		ldr	r3, [r3, #28]
 267 006a 1748     		ldr	r0, .L7+32
 268 006c 1946     		mov	r1, r3
 269 006e FFF7FEFF 		bl	printf
  83:../lwip-1.4.1/src/core/stats.c ****   LWIP_PLATFORM_DIAG(("proterr: %"STAT_COUNTER_F"\n\t", proto->proterr)); 
 270              		.loc 1 83 0
 271 0072 7B68     		ldr	r3, [r7, #4]
 272 0074 1B6A     		ldr	r3, [r3, #32]
 273 0076 1548     		ldr	r0, .L7+36
 274 0078 1946     		mov	r1, r3
 275 007a FFF7FEFF 		bl	printf
  84:../lwip-1.4.1/src/core/stats.c ****   LWIP_PLATFORM_DIAG(("opterr: %"STAT_COUNTER_F"\n\t", proto->opterr)); 
 276              		.loc 1 84 0
 277 007e 7B68     		ldr	r3, [r7, #4]
 278 0080 5B6A     		ldr	r3, [r3, #36]
 279 0082 1348     		ldr	r0, .L7+40
 280 0084 1946     		mov	r1, r3
 281 0086 FFF7FEFF 		bl	printf
  85:../lwip-1.4.1/src/core/stats.c ****   LWIP_PLATFORM_DIAG(("err: %"STAT_COUNTER_F"\n\t", proto->err)); 
 282              		.loc 1 85 0
 283 008a 7B68     		ldr	r3, [r7, #4]
 284 008c 9B6A     		ldr	r3, [r3, #40]
 285 008e 1148     		ldr	r0, .L7+44
 286 0090 1946     		mov	r1, r3
 287 0092 FFF7FEFF 		bl	printf
  86:../lwip-1.4.1/src/core/stats.c ****   LWIP_PLATFORM_DIAG(("cachehit: %"STAT_COUNTER_F"\n", proto->cachehit)); 
 288              		.loc 1 86 0
 289 0096 7B68     		ldr	r3, [r7, #4]
 290 0098 DB6A     		ldr	r3, [r3, #44]
 291 009a 0F48     		ldr	r0, .L7+48
 292 009c 1946     		mov	r1, r3
 293 009e FFF7FEFF 		bl	printf
  87:../lwip-1.4.1/src/core/stats.c **** }
 294              		.loc 1 87 0
 295 00a2 0837     		adds	r7, r7, #8
 296              		.cfi_def_cfa_offset 8
 297 00a4 BD46     		mov	sp, r7
 298              		.cfi_def_cfa_register 13
 299              		@ sp needed
 300 00a6 80BD     		pop	{r7, pc}
 301              	.L8:
 302              		.align	2
 303              	.L7:
 304 00a8 AC000000 		.word	.LC15
 305 00ac B4000000 		.word	.LC16
 306 00b0 C0000000 		.word	.LC17
 307 00b4 CC000000 		.word	.LC18
 308 00b8 D8000000 		.word	.LC19
 309 00bc E4000000 		.word	.LC20
 310 00c0 F4000000 		.word	.LC21
 311 00c4 04010000 		.word	.LC22
 312 00c8 14010000 		.word	.LC23
 313 00cc 20010000 		.word	.LC24
 314 00d0 30010000 		.word	.LC25
 315 00d4 40010000 		.word	.LC26
 316 00d8 4C010000 		.word	.LC27
 317              		.cfi_endproc
 318              	.LFE1:
 320              		.section	.rodata
 321 015a 0000     		.align	2
 322              	.LC28:
 323 015c 0A4D454D 		.ascii	"\012MEM %s\012\011\000"
 323      2025730A 
 323      0900
 324 0166 0000     		.align	2
 325              	.LC29:
 326 0168 61766169 		.ascii	"avail: %u\012\011\000"
 326      6C3A2025 
 326      750A0900 
 327              		.align	2
 328              	.LC30:
 329 0174 75736564 		.ascii	"used: %u\012\011\000"
 329      3A202575 
 329      0A0900
 330 017f 00       		.align	2
 331              	.LC31:
 332 0180 6D61783A 		.ascii	"max: %u\012\011\000"
 332      2025750A 
 332      0900
 333 018a 0000     		.align	2
 334              	.LC32:
 335 018c 6572723A 		.ascii	"err: %u\012\000"
 335      2025750A 
 335      00
 336              		.section	.text.stats_display_mem,"ax",%progbits
 337              		.align	2
 338              		.global	stats_display_mem
 339              		.thumb
 340              		.thumb_func
 342              	stats_display_mem:
 343              	.LFB2:
  88:../lwip-1.4.1/src/core/stats.c **** 
  89:../lwip-1.4.1/src/core/stats.c **** #if IGMP_STATS
  90:../lwip-1.4.1/src/core/stats.c **** void
  91:../lwip-1.4.1/src/core/stats.c **** stats_display_igmp(struct stats_igmp *igmp)
  92:../lwip-1.4.1/src/core/stats.c **** {
  93:../lwip-1.4.1/src/core/stats.c ****   LWIP_PLATFORM_DIAG(("\nIGMP\n\t"));
  94:../lwip-1.4.1/src/core/stats.c ****   LWIP_PLATFORM_DIAG(("xmit: %"STAT_COUNTER_F"\n\t", igmp->xmit)); 
  95:../lwip-1.4.1/src/core/stats.c ****   LWIP_PLATFORM_DIAG(("recv: %"STAT_COUNTER_F"\n\t", igmp->recv)); 
  96:../lwip-1.4.1/src/core/stats.c ****   LWIP_PLATFORM_DIAG(("drop: %"STAT_COUNTER_F"\n\t", igmp->drop)); 
  97:../lwip-1.4.1/src/core/stats.c ****   LWIP_PLATFORM_DIAG(("chkerr: %"STAT_COUNTER_F"\n\t", igmp->chkerr)); 
  98:../lwip-1.4.1/src/core/stats.c ****   LWIP_PLATFORM_DIAG(("lenerr: %"STAT_COUNTER_F"\n\t", igmp->lenerr)); 
  99:../lwip-1.4.1/src/core/stats.c ****   LWIP_PLATFORM_DIAG(("memerr: %"STAT_COUNTER_F"\n\t", igmp->memerr)); 
 100:../lwip-1.4.1/src/core/stats.c ****   LWIP_PLATFORM_DIAG(("proterr: %"STAT_COUNTER_F"\n\t", igmp->proterr)); 
 101:../lwip-1.4.1/src/core/stats.c ****   LWIP_PLATFORM_DIAG(("rx_v1: %"STAT_COUNTER_F"\n\t", igmp->rx_v1)); 
 102:../lwip-1.4.1/src/core/stats.c ****   LWIP_PLATFORM_DIAG(("rx_group: %"STAT_COUNTER_F"\n", igmp->rx_group));
 103:../lwip-1.4.1/src/core/stats.c ****   LWIP_PLATFORM_DIAG(("rx_general: %"STAT_COUNTER_F"\n", igmp->rx_general));
 104:../lwip-1.4.1/src/core/stats.c ****   LWIP_PLATFORM_DIAG(("rx_report: %"STAT_COUNTER_F"\n\t", igmp->rx_report)); 
 105:../lwip-1.4.1/src/core/stats.c ****   LWIP_PLATFORM_DIAG(("tx_join: %"STAT_COUNTER_F"\n\t", igmp->tx_join)); 
 106:../lwip-1.4.1/src/core/stats.c ****   LWIP_PLATFORM_DIAG(("tx_leave: %"STAT_COUNTER_F"\n\t", igmp->tx_leave)); 
 107:../lwip-1.4.1/src/core/stats.c ****   LWIP_PLATFORM_DIAG(("tx_report: %"STAT_COUNTER_F"\n\t", igmp->tx_report)); 
 108:../lwip-1.4.1/src/core/stats.c **** }
 109:../lwip-1.4.1/src/core/stats.c **** #endif /* IGMP_STATS */
 110:../lwip-1.4.1/src/core/stats.c **** 
 111:../lwip-1.4.1/src/core/stats.c **** #if MEM_STATS || MEMP_STATS
 112:../lwip-1.4.1/src/core/stats.c **** void
 113:../lwip-1.4.1/src/core/stats.c **** stats_display_mem(struct stats_mem *mem, const char *name)
 114:../lwip-1.4.1/src/core/stats.c **** {
 344              		.loc 1 114 0
 345              		.cfi_startproc
 346              		@ args = 0, pretend = 0, frame = 8
 347              		@ frame_needed = 1, uses_anonymous_args = 0
 348 0000 80B5     		push	{r7, lr}
 349              		.cfi_def_cfa_offset 8
 350              		.cfi_offset 7, -8
 351              		.cfi_offset 14, -4
 352 0002 82B0     		sub	sp, sp, #8
 353              		.cfi_def_cfa_offset 16
 354 0004 00AF     		add	r7, sp, #0
 355              		.cfi_def_cfa_register 7
 356 0006 7860     		str	r0, [r7, #4]
 357 0008 3960     		str	r1, [r7]
 115:../lwip-1.4.1/src/core/stats.c ****   LWIP_PLATFORM_DIAG(("\nMEM %s\n\t", name));
 358              		.loc 1 115 0
 359 000a 0F48     		ldr	r0, .L10
 360 000c 3968     		ldr	r1, [r7]
 361 000e FFF7FEFF 		bl	printf
 116:../lwip-1.4.1/src/core/stats.c ****   LWIP_PLATFORM_DIAG(("avail: %"U32_F"\n\t", (u32_t)mem->avail)); 
 362              		.loc 1 116 0
 363 0012 7B68     		ldr	r3, [r7, #4]
 364 0014 9B88     		ldrh	r3, [r3, #4]
 365 0016 0D48     		ldr	r0, .L10+4
 366 0018 1946     		mov	r1, r3
 367 001a FFF7FEFF 		bl	printf
 117:../lwip-1.4.1/src/core/stats.c ****   LWIP_PLATFORM_DIAG(("used: %"U32_F"\n\t", (u32_t)mem->used)); 
 368              		.loc 1 117 0
 369 001e 7B68     		ldr	r3, [r7, #4]
 370 0020 DB88     		ldrh	r3, [r3, #6]
 371 0022 0B48     		ldr	r0, .L10+8
 372 0024 1946     		mov	r1, r3
 373 0026 FFF7FEFF 		bl	printf
 118:../lwip-1.4.1/src/core/stats.c ****   LWIP_PLATFORM_DIAG(("max: %"U32_F"\n\t", (u32_t)mem->max)); 
 374              		.loc 1 118 0
 375 002a 7B68     		ldr	r3, [r7, #4]
 376 002c 1B89     		ldrh	r3, [r3, #8]
 377 002e 0948     		ldr	r0, .L10+12
 378 0030 1946     		mov	r1, r3
 379 0032 FFF7FEFF 		bl	printf
 119:../lwip-1.4.1/src/core/stats.c ****   LWIP_PLATFORM_DIAG(("err: %"U32_F"\n", (u32_t)mem->err));
 380              		.loc 1 119 0
 381 0036 7B68     		ldr	r3, [r7, #4]
 382 0038 DB68     		ldr	r3, [r3, #12]
 383 003a 0748     		ldr	r0, .L10+16
 384 003c 1946     		mov	r1, r3
 385 003e FFF7FEFF 		bl	printf
 120:../lwip-1.4.1/src/core/stats.c **** }
 386              		.loc 1 120 0
 387 0042 0837     		adds	r7, r7, #8
 388              		.cfi_def_cfa_offset 8
 389 0044 BD46     		mov	sp, r7
 390              		.cfi_def_cfa_register 13
 391              		@ sp needed
 392 0046 80BD     		pop	{r7, pc}
 393              	.L11:
 394              		.align	2
 395              	.L10:
 396 0048 5C010000 		.word	.LC28
 397 004c 68010000 		.word	.LC29
 398 0050 74010000 		.word	.LC30
 399 0054 80010000 		.word	.LC31
 400 0058 8C010000 		.word	.LC32
 401              		.cfi_endproc
 402              	.LFE2:
 404              		.section	.text.stats_display_memp,"ax",%progbits
 405              		.align	2
 406              		.global	stats_display_memp
 407              		.thumb
 408              		.thumb_func
 410              	stats_display_memp:
 411              	.LFB3:
 121:../lwip-1.4.1/src/core/stats.c **** 
 122:../lwip-1.4.1/src/core/stats.c **** #if MEMP_STATS
 123:../lwip-1.4.1/src/core/stats.c **** void
 124:../lwip-1.4.1/src/core/stats.c **** stats_display_memp(struct stats_mem *mem, int index)
 125:../lwip-1.4.1/src/core/stats.c **** {
 412              		.loc 1 125 0
 413              		.cfi_startproc
 414              		@ args = 0, pretend = 0, frame = 56
 415              		@ frame_needed = 1, uses_anonymous_args = 0
 416 0000 B0B5     		push	{r4, r5, r7, lr}
 417              		.cfi_def_cfa_offset 16
 418              		.cfi_offset 4, -16
 419              		.cfi_offset 5, -12
 420              		.cfi_offset 7, -8
 421              		.cfi_offset 14, -4
 422 0002 8EB0     		sub	sp, sp, #56
 423              		.cfi_def_cfa_offset 72
 424 0004 00AF     		add	r7, sp, #0
 425              		.cfi_def_cfa_register 7
 426 0006 7860     		str	r0, [r7, #4]
 427 0008 3960     		str	r1, [r7]
 126:../lwip-1.4.1/src/core/stats.c ****   char * memp_names[] = {
 428              		.loc 1 126 0
 429 000a 0E4B     		ldr	r3, .L14
 430 000c 07F10C04 		add	r4, r7, #12
 431 0010 1D46     		mov	r5, r3
 432 0012 0FCD     		ldmia	r5!, {r0, r1, r2, r3}
 433 0014 0FC4     		stmia	r4!, {r0, r1, r2, r3}
 434 0016 0FCD     		ldmia	r5!, {r0, r1, r2, r3}
 435 0018 0FC4     		stmia	r4!, {r0, r1, r2, r3}
 436 001a 95E80700 		ldmia	r5, {r0, r1, r2}
 437 001e 84E80700 		stmia	r4, {r0, r1, r2}
 127:../lwip-1.4.1/src/core/stats.c **** #define LWIP_MEMPOOL(name,num,size,desc) desc,
 128:../lwip-1.4.1/src/core/stats.c **** #include "lwip/memp_std.h"
 129:../lwip-1.4.1/src/core/stats.c ****   };
 130:../lwip-1.4.1/src/core/stats.c ****   if(index < MEMP_MAX) {
 438              		.loc 1 130 0
 439 0022 3B68     		ldr	r3, [r7]
 440 0024 0A2B     		cmp	r3, #10
 441 0026 0ADC     		bgt	.L12
 131:../lwip-1.4.1/src/core/stats.c ****     stats_display_mem(mem, memp_names[index]);
 442              		.loc 1 131 0
 443 0028 3B68     		ldr	r3, [r7]
 444 002a 9B00     		lsls	r3, r3, #2
 445 002c 07F13802 		add	r2, r7, #56
 446 0030 1344     		add	r3, r3, r2
 447 0032 53F82C3C 		ldr	r3, [r3, #-44]
 448 0036 7868     		ldr	r0, [r7, #4]
 449 0038 1946     		mov	r1, r3
 450 003a FFF7FEFF 		bl	stats_display_mem
 451              	.L12:
 132:../lwip-1.4.1/src/core/stats.c ****   }
 133:../lwip-1.4.1/src/core/stats.c **** }
 452              		.loc 1 133 0
 453 003e 3837     		adds	r7, r7, #56
 454              		.cfi_def_cfa_offset 16
 455 0040 BD46     		mov	sp, r7
 456              		.cfi_def_cfa_register 13
 457              		@ sp needed
 458 0042 B0BD     		pop	{r4, r5, r7, pc}
 459              	.L15:
 460              		.align	2
 461              	.L14:
 462 0044 80000000 		.word	.LC13
 463              		.cfi_endproc
 464              	.LFE3:
 466              		.section	.rodata
 467 0195 000000   		.align	2
 468              	.LC33:
 469 0198 4C494E4B 		.ascii	"LINK\000"
 469      00
 470 019d 000000   		.align	2
 471              	.LC34:
 472 01a0 45544841 		.ascii	"ETHARP\000"
 472      525000
 473 01a7 00       		.align	2
 474              	.LC35:
 475 01a8 49505F46 		.ascii	"IP_FRAG\000"
 475      52414700 
 476              		.align	2
 477              	.LC36:
 478 01b0 495000   		.ascii	"IP\000"
 479 01b3 00       		.align	2
 480              	.LC37:
 481 01b4 49434D50 		.ascii	"ICMP\000"
 481      00
 482 01b9 000000   		.align	2
 483              	.LC38:
 484 01bc 55445000 		.ascii	"UDP\000"
 485              		.align	2
 486              	.LC39:
 487 01c0 54435000 		.ascii	"TCP\000"
 488              		.align	2
 489              	.LC40:
 490 01c4 48454150 		.ascii	"HEAP\000"
 490      00
 491              		.section	.text.stats_display,"ax",%progbits
 492              		.align	2
 493              		.global	stats_display
 494              		.thumb
 495              		.thumb_func
 497              	stats_display:
 498              	.LFB4:
 134:../lwip-1.4.1/src/core/stats.c **** #endif /* MEMP_STATS */
 135:../lwip-1.4.1/src/core/stats.c **** #endif /* MEM_STATS || MEMP_STATS */
 136:../lwip-1.4.1/src/core/stats.c **** 
 137:../lwip-1.4.1/src/core/stats.c **** #if SYS_STATS
 138:../lwip-1.4.1/src/core/stats.c **** void
 139:../lwip-1.4.1/src/core/stats.c **** stats_display_sys(struct stats_sys *sys)
 140:../lwip-1.4.1/src/core/stats.c **** {
 141:../lwip-1.4.1/src/core/stats.c ****   LWIP_PLATFORM_DIAG(("\nSYS\n\t"));
 142:../lwip-1.4.1/src/core/stats.c ****   LWIP_PLATFORM_DIAG(("sem.used:  %"U32_F"\n\t", (u32_t)sys->sem.used)); 
 143:../lwip-1.4.1/src/core/stats.c ****   LWIP_PLATFORM_DIAG(("sem.max:   %"U32_F"\n\t", (u32_t)sys->sem.max)); 
 144:../lwip-1.4.1/src/core/stats.c ****   LWIP_PLATFORM_DIAG(("sem.err:   %"U32_F"\n\t", (u32_t)sys->sem.err)); 
 145:../lwip-1.4.1/src/core/stats.c ****   LWIP_PLATFORM_DIAG(("mutex.used: %"U32_F"\n\t", (u32_t)sys->mutex.used)); 
 146:../lwip-1.4.1/src/core/stats.c ****   LWIP_PLATFORM_DIAG(("mutex.max:  %"U32_F"\n\t", (u32_t)sys->mutex.max)); 
 147:../lwip-1.4.1/src/core/stats.c ****   LWIP_PLATFORM_DIAG(("mutex.err:  %"U32_F"\n\t", (u32_t)sys->mutex.err)); 
 148:../lwip-1.4.1/src/core/stats.c ****   LWIP_PLATFORM_DIAG(("mbox.used:  %"U32_F"\n\t", (u32_t)sys->mbox.used)); 
 149:../lwip-1.4.1/src/core/stats.c ****   LWIP_PLATFORM_DIAG(("mbox.max:   %"U32_F"\n\t", (u32_t)sys->mbox.max)); 
 150:../lwip-1.4.1/src/core/stats.c ****   LWIP_PLATFORM_DIAG(("mbox.err:   %"U32_F"\n\t", (u32_t)sys->mbox.err)); 
 151:../lwip-1.4.1/src/core/stats.c **** }
 152:../lwip-1.4.1/src/core/stats.c **** #endif /* SYS_STATS */
 153:../lwip-1.4.1/src/core/stats.c **** 
 154:../lwip-1.4.1/src/core/stats.c **** void
 155:../lwip-1.4.1/src/core/stats.c **** stats_display(void)
 156:../lwip-1.4.1/src/core/stats.c **** {
 499              		.loc 1 156 0
 500              		.cfi_startproc
 501              		@ args = 0, pretend = 0, frame = 8
 502              		@ frame_needed = 1, uses_anonymous_args = 0
 503 0000 80B5     		push	{r7, lr}
 504              		.cfi_def_cfa_offset 8
 505              		.cfi_offset 7, -8
 506              		.cfi_offset 14, -4
 507 0002 82B0     		sub	sp, sp, #8
 508              		.cfi_def_cfa_offset 16
 509 0004 00AF     		add	r7, sp, #0
 510              		.cfi_def_cfa_register 7
 157:../lwip-1.4.1/src/core/stats.c ****   s16_t i;
 158:../lwip-1.4.1/src/core/stats.c **** 
 159:../lwip-1.4.1/src/core/stats.c ****   LINK_STATS_DISPLAY();
 511              		.loc 1 159 0
 512 0006 2048     		ldr	r0, .L19
 513 0008 2049     		ldr	r1, .L19+4
 514 000a FFF7FEFF 		bl	stats_display_proto
 160:../lwip-1.4.1/src/core/stats.c ****   ETHARP_STATS_DISPLAY();
 515              		.loc 1 160 0
 516 000e 2048     		ldr	r0, .L19+8
 517 0010 2049     		ldr	r1, .L19+12
 518 0012 FFF7FEFF 		bl	stats_display_proto
 161:../lwip-1.4.1/src/core/stats.c ****   IPFRAG_STATS_DISPLAY();
 519              		.loc 1 161 0
 520 0016 2048     		ldr	r0, .L19+16
 521 0018 2049     		ldr	r1, .L19+20
 522 001a FFF7FEFF 		bl	stats_display_proto
 162:../lwip-1.4.1/src/core/stats.c ****   IP_STATS_DISPLAY();
 523              		.loc 1 162 0
 524 001e 2048     		ldr	r0, .L19+24
 525 0020 2049     		ldr	r1, .L19+28
 526 0022 FFF7FEFF 		bl	stats_display_proto
 163:../lwip-1.4.1/src/core/stats.c ****   IGMP_STATS_DISPLAY();
 164:../lwip-1.4.1/src/core/stats.c ****   ICMP_STATS_DISPLAY();
 527              		.loc 1 164 0
 528 0026 2048     		ldr	r0, .L19+32
 529 0028 2049     		ldr	r1, .L19+36
 530 002a FFF7FEFF 		bl	stats_display_proto
 165:../lwip-1.4.1/src/core/stats.c ****   UDP_STATS_DISPLAY();
 531              		.loc 1 165 0
 532 002e 2048     		ldr	r0, .L19+40
 533 0030 2049     		ldr	r1, .L19+44
 534 0032 FFF7FEFF 		bl	stats_display_proto
 166:../lwip-1.4.1/src/core/stats.c ****   TCP_STATS_DISPLAY();
 535              		.loc 1 166 0
 536 0036 2048     		ldr	r0, .L19+48
 537 0038 2049     		ldr	r1, .L19+52
 538 003a FFF7FEFF 		bl	stats_display_proto
 167:../lwip-1.4.1/src/core/stats.c ****   MEM_STATS_DISPLAY();
 539              		.loc 1 167 0
 540 003e 2048     		ldr	r0, .L19+56
 541 0040 2049     		ldr	r1, .L19+60
 542 0042 FFF7FEFF 		bl	stats_display_mem
 168:../lwip-1.4.1/src/core/stats.c ****   for (i = 0; i < MEMP_MAX; i++) {
 543              		.loc 1 168 0
 544 0046 0023     		movs	r3, #0
 545 0048 FB80     		strh	r3, [r7, #6]	@ movhi
 546 004a 15E0     		b	.L17
 547              	.L18:
 169:../lwip-1.4.1/src/core/stats.c ****     MEMP_STATS_DISPLAY(i);
 548              		.loc 1 169 0 discriminator 3
 549 004c B7F90620 		ldrsh	r2, [r7, #6]
 550 0050 1346     		mov	r3, r2
 551 0052 9B00     		lsls	r3, r3, #2
 552 0054 1344     		add	r3, r3, r2
 553 0056 9B00     		lsls	r3, r3, #2
 554 0058 03F5B073 		add	r3, r3, #352
 555 005c 0A4A     		ldr	r2, .L19
 556 005e 1344     		add	r3, r3, r2
 557 0060 1A1D     		adds	r2, r3, #4
 558 0062 B7F90630 		ldrsh	r3, [r7, #6]
 559 0066 1046     		mov	r0, r2
 560 0068 1946     		mov	r1, r3
 561 006a FFF7FEFF 		bl	stats_display_memp
 168:../lwip-1.4.1/src/core/stats.c ****   for (i = 0; i < MEMP_MAX; i++) {
 562              		.loc 1 168 0 discriminator 3
 563 006e FB88     		ldrh	r3, [r7, #6]
 564 0070 9BB2     		uxth	r3, r3
 565 0072 0133     		adds	r3, r3, #1
 566 0074 9BB2     		uxth	r3, r3
 567 0076 FB80     		strh	r3, [r7, #6]	@ movhi
 568              	.L17:
 168:../lwip-1.4.1/src/core/stats.c ****   for (i = 0; i < MEMP_MAX; i++) {
 569              		.loc 1 168 0 is_stmt 0 discriminator 1
 570 0078 B7F90630 		ldrsh	r3, [r7, #6]
 571 007c 0A2B     		cmp	r3, #10
 572 007e E5DD     		ble	.L18
 170:../lwip-1.4.1/src/core/stats.c ****   }
 171:../lwip-1.4.1/src/core/stats.c ****   SYS_STATS_DISPLAY();
 172:../lwip-1.4.1/src/core/stats.c **** }
 573              		.loc 1 172 0 is_stmt 1
 574 0080 0837     		adds	r7, r7, #8
 575              		.cfi_def_cfa_offset 8
 576 0082 BD46     		mov	sp, r7
 577              		.cfi_def_cfa_register 13
 578              		@ sp needed
 579 0084 80BD     		pop	{r7, pc}
 580              	.L20:
 581 0086 00BF     		.align	2
 582              	.L19:
 583 0088 00000000 		.word	lwip_stats
 584 008c 98010000 		.word	.LC33
 585 0090 30000000 		.word	lwip_stats+48
 586 0094 A0010000 		.word	.LC34
 587 0098 60000000 		.word	lwip_stats+96
 588 009c A8010000 		.word	.LC35
 589 00a0 90000000 		.word	lwip_stats+144
 590 00a4 B0010000 		.word	.LC36
 591 00a8 C0000000 		.word	lwip_stats+192
 592 00ac B4010000 		.word	.LC37
 593 00b0 F0000000 		.word	lwip_stats+240
 594 00b4 BC010000 		.word	.LC38
 595 00b8 20010000 		.word	lwip_stats+288
 596 00bc C0010000 		.word	.LC39
 597 00c0 50010000 		.word	lwip_stats+336
 598 00c4 C4010000 		.word	.LC40
 599              		.cfi_endproc
 600              	.LFE4:
 602              		.text
 603              	.Letext0:
 604              		.file 2 "F:\\ARM\\STM32 Eclipse Firmware\\STM32F107_Template\\lwip-1.4.1\\port/arch/cc.h"
 605              		.file 3 "F:\\ARM\\STM32 Eclipse Firmware\\STM32F107_Template\\lwip-1.4.1\\src\\include/lwip/mem.h"
 606              		.file 4 "F:\\ARM\\STM32 Eclipse Firmware\\STM32F107_Template\\lwip-1.4.1\\src\\include/lwip/stats.
 607              		.file 5 "F:\\ARM\\STM32 Eclipse Firmware\\STM32F107_Template\\lwip-1.4.1\\src\\include/lwip/memp.h
DEFINED SYMBOLS
                            *ABS*:00000000 stats.c
                            *COM*:00000240 lwip_stats
C:\Users\MISAKA~1.MIS\AppData\Local\Temp\ccswzUwr.s:20     .rodata:00000000 $d
C:\Users\MISAKA~1.MIS\AppData\Local\Temp\ccswzUwr.s:70     .text.stats_init:00000000 $t
C:\Users\MISAKA~1.MIS\AppData\Local\Temp\ccswzUwr.s:75     .text.stats_init:00000000 stats_init
C:\Users\MISAKA~1.MIS\AppData\Local\Temp\ccswzUwr.s:150    .text.stats_init:00000060 $d
C:\Users\MISAKA~1.MIS\AppData\Local\Temp\ccswzUwr.s:197    .text.stats_display_proto:00000000 $t
C:\Users\MISAKA~1.MIS\AppData\Local\Temp\ccswzUwr.s:202    .text.stats_display_proto:00000000 stats_display_proto
C:\Users\MISAKA~1.MIS\AppData\Local\Temp\ccswzUwr.s:304    .text.stats_display_proto:000000a8 $d
C:\Users\MISAKA~1.MIS\AppData\Local\Temp\ccswzUwr.s:337    .text.stats_display_mem:00000000 $t
C:\Users\MISAKA~1.MIS\AppData\Local\Temp\ccswzUwr.s:342    .text.stats_display_mem:00000000 stats_display_mem
C:\Users\MISAKA~1.MIS\AppData\Local\Temp\ccswzUwr.s:396    .text.stats_display_mem:00000048 $d
C:\Users\MISAKA~1.MIS\AppData\Local\Temp\ccswzUwr.s:405    .text.stats_display_memp:00000000 $t
C:\Users\MISAKA~1.MIS\AppData\Local\Temp\ccswzUwr.s:410    .text.stats_display_memp:00000000 stats_display_memp
C:\Users\MISAKA~1.MIS\AppData\Local\Temp\ccswzUwr.s:462    .text.stats_display_memp:00000044 $d
C:\Users\MISAKA~1.MIS\AppData\Local\Temp\ccswzUwr.s:492    .text.stats_display:00000000 $t
C:\Users\MISAKA~1.MIS\AppData\Local\Temp\ccswzUwr.s:497    .text.stats_display:00000000 stats_display
C:\Users\MISAKA~1.MIS\AppData\Local\Temp\ccswzUwr.s:583    .text.stats_display:00000088 $d
                     .debug_frame:00000010 $d
                           .group:00000000 wm4.0.2d80f1b5ce3c69d13e258577ddf29668
                           .group:00000000 wm4.lwipopts.h.25.76e03deb318fbe54d896a83c1b611e55
                           .group:00000000 wm4.arch.h.33.6fa4aa86d33d1490ae882caef7316405
                           .group:00000000 wm4.cpu.h.33.0ec64ad8cd52614da6479c7936fa3efa
                           .group:00000000 wm4.cc.h.49.217a0c46a6dd8448cb36cccbf00f897f
                           .group:00000000 wm4.arch.h.52.2e97dbd839a1aa815d8c47878a7f8e2b
                           .group:00000000 wm4.newlib.h.8.2702bca278809460f0af6fba1d84eb68
                           .group:00000000 wm4.features.h.22.2e382148a0560adabf236cddd4e880f4
                           .group:00000000 wm4.config.h.220.a09b0b0de3c25be3f39d71990e617bff
                           .group:00000000 wm4._ansi.h.23.9f8fcfa20193763fcf364fb91705c94b
                           .group:00000000 wm4.stdio.h.31.7c0e28c411445f3f9c5b11accf882760
                           .group:00000000 wm4._default_types.h.6.35ee9e747940367bf2a634907d1c2382
                           .group:00000000 wm4.stddef.h.184.159df79b4ca79c76561572a55985524c
                           .group:00000000 wm4.cdefs.h.47.3052445825803de6c3a3b68ec8193866
                           .group:00000000 wm4.stddef.h.39.7e3d906ac58942e0b374c527445f5de5
                           .group:00000000 wm4.stdarg.h.34.3a23a216c0c293b3d2ea2e89281481e6
                           .group:00000000 wm4.lock.h.2.9bc98482741e5e2a9450b12934a684ea
                           .group:00000000 wm4._types.h.54.d3d34a3b7f3cc230cd159baf022b4b08
                           .group:00000000 wm4.stddef.h.158.61317cdbfb4026324507d123a50b0fd6
                           .group:00000000 wm4.reent.h.17.8bd9e4098e0428508c282cad794fae43
                           .group:00000000 wm4.types.h.24.b2be5f53932a9c9d07787288b29b6d75
                           .group:00000000 wm4._stdint.h.10.f76354baea1c7088202064e6f3d4f5e3
                           .group:00000000 wm4.types.h.2.e9cec8c90ab35f77d9f499e06ae02400
                           .group:00000000 wm4.types.h.82.82b71f3f44c70e3a459d0f66642b05eb
                           .group:00000000 wm4.stdio.h.2.4aa87247282eca6c8f36f9de33d8df1a
                           .group:00000000 wm4.stdio.h.68.ff6d7571d3ad75c55f15e26dbaa81e35
                           .group:00000000 wm4.debug.h.45.223028a5c052c9f879ffd43dd519f3f1
                           .group:00000000 wm4.string.h.8.c4b8571ce60dff2817f43fec8b86aecd
                           .group:00000000 wm4.stddef.h.158.a7efb00f6cbc6f43213b50e183c9830c
                           .group:00000000 wm4.opt.h.76.0e16bb9c23144e1f631b5b5afa9a69f6
                           .group:00000000 wm4.def.h.33.d4208c3cd3e0fc64e20a8b9f95a681f3
                           .group:00000000 wm4.mem.h.33.ae21028c0b1f3dc3305003fc71edaf5a
                           .group:00000000 wm4.memp.h.34.a409f52ec6d44b5681de26eb10b0c08b
                           .group:00000000 wm4.memp_std.h.15.637bb4287b70e9d70dbd8dd3c6f62f3b
                           .group:00000000 wm4.stats.h.51.0db2d210618aedce9edea4fb7e0fbaf1

UNDEFINED SYMBOLS
printf
