   1              		.syntax unified
   2              		.cpu cortex-m3
   3              		.fpu softvfp
   4              		.eabi_attribute 20, 1
   5              		.eabi_attribute 21, 1
   6              		.eabi_attribute 23, 3
   7              		.eabi_attribute 24, 1
   8              		.eabi_attribute 25, 1
   9              		.eabi_attribute 26, 1
  10              		.eabi_attribute 30, 1
  11              		.eabi_attribute 34, 1
  12              		.eabi_attribute 18, 4
  13              		.thumb
  14              		.syntax unified
  15              		.file	"startux_stm32f10x_cl.c"
  16              		.text
  17              	.Ltext0:
  18              		.cfi_sections	.debug_frame
  19              		.section	.text.Default_Handler,"ax",%progbits
  20              		.align	2
  21              		.thumb
  22              		.thumb_func
  24              	Default_Handler:
  25              	.LFB1:
  26              		.file 1 "../startup/startux_stm32f10x_cl.c"
   1:../startup/startux_stm32f10x_cl.c **** /**
   2:../startup/startux_stm32f10x_cl.c ****  ******************************************************************************
   3:../startup/startux_stm32f10x_cl.c ****  * @file      startup_stm32f10x_cl.c
   4:../startup/startux_stm32f10x_cl.c ****  * @author    Coocox
   5:../startup/startux_stm32f10x_cl.c ****  * @version   V1.0
   6:../startup/startux_stm32f10x_cl.c ****  * @date      3/7/2011
   7:../startup/startux_stm32f10x_cl.c ****  * @brief     STM32F10x Connectivity line Devices Startup code.
   8:../startup/startux_stm32f10x_cl.c ****  *            This module performs:
   9:../startup/startux_stm32f10x_cl.c ****  *                - Set the initial SP
  10:../startup/startux_stm32f10x_cl.c ****  *                - Set the vector table entries with the exceptions ISR address
  11:../startup/startux_stm32f10x_cl.c ****  *                - Initialize data and bss
  12:../startup/startux_stm32f10x_cl.c ****  *                - Setup the microcontroller system.
  13:../startup/startux_stm32f10x_cl.c ****  *                - Call the application's entry point.
  14:../startup/startux_stm32f10x_cl.c ****  *            After Reset the Cortex-M3 processor is in Thread mode,
  15:../startup/startux_stm32f10x_cl.c ****  *            priority is Privileged, and the Stack is set to Main.
  16:../startup/startux_stm32f10x_cl.c ****  *******************************************************************************
  17:../startup/startux_stm32f10x_cl.c ****  */
  18:../startup/startux_stm32f10x_cl.c **** 
  19:../startup/startux_stm32f10x_cl.c **** /*----------Stack Configuration-----------------------------------------------*/
  20:../startup/startux_stm32f10x_cl.c **** #define STACK_SIZE       0x00001000      /*!< The Stack size suggest using even number   */
  21:../startup/startux_stm32f10x_cl.c **** __attribute__ ((section(".stack")))
  22:../startup/startux_stm32f10x_cl.c **** unsigned long pulStack[STACK_SIZE];
  23:../startup/startux_stm32f10x_cl.c **** 
  24:../startup/startux_stm32f10x_cl.c **** /*----------Macro definition--------------------------------------------------*/
  25:../startup/startux_stm32f10x_cl.c **** #define WEAK __attribute__ ((weak))
  26:../startup/startux_stm32f10x_cl.c **** 
  27:../startup/startux_stm32f10x_cl.c **** 
  28:../startup/startux_stm32f10x_cl.c **** /*----------Declaration of the default fault handlers-------------------------*/
  29:../startup/startux_stm32f10x_cl.c **** /* System exception vector handler */
  30:../startup/startux_stm32f10x_cl.c **** __attribute__ ((used))
  31:../startup/startux_stm32f10x_cl.c **** void WEAK  Reset_Handler(void);
  32:../startup/startux_stm32f10x_cl.c **** void WEAK  NMI_Handler(void);
  33:../startup/startux_stm32f10x_cl.c **** void WEAK  HardFault_Handler(void);
  34:../startup/startux_stm32f10x_cl.c **** void WEAK  MemManage_Handler(void);
  35:../startup/startux_stm32f10x_cl.c **** void WEAK  BusFault_Handler(void);
  36:../startup/startux_stm32f10x_cl.c **** void WEAK  UsageFault_Handler(void);
  37:../startup/startux_stm32f10x_cl.c **** void WEAK  SVC_Handler(void);
  38:../startup/startux_stm32f10x_cl.c **** void WEAK  DebugMon_Handler(void);
  39:../startup/startux_stm32f10x_cl.c **** void WEAK  PendSV_Handler(void);
  40:../startup/startux_stm32f10x_cl.c **** void WEAK  SysTick_Handler(void);
  41:../startup/startux_stm32f10x_cl.c **** void WEAK  WWDG_IRQHandler(void);
  42:../startup/startux_stm32f10x_cl.c **** void WEAK  PVD_IRQHandler(void);
  43:../startup/startux_stm32f10x_cl.c **** void WEAK  TAMPER_IRQHandler(void);
  44:../startup/startux_stm32f10x_cl.c **** void WEAK  RTC_IRQHandler(void);
  45:../startup/startux_stm32f10x_cl.c **** void WEAK  FLASH_IRQHandler(void);
  46:../startup/startux_stm32f10x_cl.c **** void WEAK  RCC_IRQHandler(void);
  47:../startup/startux_stm32f10x_cl.c **** void WEAK  EXTI0_IRQHandler(void);
  48:../startup/startux_stm32f10x_cl.c **** void WEAK  EXTI1_IRQHandler(void);
  49:../startup/startux_stm32f10x_cl.c **** void WEAK  EXTI2_IRQHandler(void);
  50:../startup/startux_stm32f10x_cl.c **** void WEAK  EXTI3_IRQHandler(void);
  51:../startup/startux_stm32f10x_cl.c **** void WEAK  EXTI4_IRQHandler(void);
  52:../startup/startux_stm32f10x_cl.c **** void WEAK  DMA1_Channel1_IRQHandler(void);
  53:../startup/startux_stm32f10x_cl.c **** void WEAK  DMA1_Channel2_IRQHandler(void);
  54:../startup/startux_stm32f10x_cl.c **** void WEAK  DMA1_Channel3_IRQHandler(void);
  55:../startup/startux_stm32f10x_cl.c **** void WEAK  DMA1_Channel4_IRQHandler(void);
  56:../startup/startux_stm32f10x_cl.c **** void WEAK  DMA1_Channel5_IRQHandler(void);
  57:../startup/startux_stm32f10x_cl.c **** void WEAK  DMA1_Channel6_IRQHandler(void);
  58:../startup/startux_stm32f10x_cl.c **** void WEAK  DMA1_Channel7_IRQHandler(void);
  59:../startup/startux_stm32f10x_cl.c **** void WEAK  ADC1_2_IRQHandler(void);
  60:../startup/startux_stm32f10x_cl.c **** void WEAK  CAN1_TX_IRQHandler(void);
  61:../startup/startux_stm32f10x_cl.c **** void WEAK  CAN1_RX0_IRQHandler(void);
  62:../startup/startux_stm32f10x_cl.c **** void WEAK  CAN1_RX1_IRQHandler(void);
  63:../startup/startux_stm32f10x_cl.c **** void WEAK  CAN1_SCE_IRQHandler(void);
  64:../startup/startux_stm32f10x_cl.c **** void WEAK  EXTI9_5_IRQHandler(void);
  65:../startup/startux_stm32f10x_cl.c **** void WEAK  TIM1_BRK_IRQHandler(void);
  66:../startup/startux_stm32f10x_cl.c **** void WEAK  TIM1_UP_IRQHandler(void);
  67:../startup/startux_stm32f10x_cl.c **** void WEAK  TIM1_TRG_COM_IRQHandler(void);
  68:../startup/startux_stm32f10x_cl.c **** void WEAK  TIM1_CC_IRQHandler(void);
  69:../startup/startux_stm32f10x_cl.c **** void WEAK  TIM2_IRQHandler(void);
  70:../startup/startux_stm32f10x_cl.c **** void WEAK  TIM3_IRQHandler(void);
  71:../startup/startux_stm32f10x_cl.c **** void WEAK  TIM4_IRQHandler(void);
  72:../startup/startux_stm32f10x_cl.c **** void WEAK  I2C1_EV_IRQHandler(void);
  73:../startup/startux_stm32f10x_cl.c **** void WEAK  I2C1_ER_IRQHandler(void);
  74:../startup/startux_stm32f10x_cl.c **** void WEAK  I2C2_EV_IRQHandler(void);
  75:../startup/startux_stm32f10x_cl.c **** void WEAK  I2C2_ER_IRQHandler(void);
  76:../startup/startux_stm32f10x_cl.c **** void WEAK  SPI1_IRQHandler(void);
  77:../startup/startux_stm32f10x_cl.c **** void WEAK  SPI2_IRQHandler(void);
  78:../startup/startux_stm32f10x_cl.c **** void WEAK  USART1_IRQHandler(void);
  79:../startup/startux_stm32f10x_cl.c **** void WEAK  USART2_IRQHandler(void);
  80:../startup/startux_stm32f10x_cl.c **** void WEAK  USART3_IRQHandler(void);
  81:../startup/startux_stm32f10x_cl.c **** void WEAK  EXTI15_10_IRQHandler(void);
  82:../startup/startux_stm32f10x_cl.c **** void WEAK  RTCAlarm_IRQHandler(void);
  83:../startup/startux_stm32f10x_cl.c **** void WEAK  OTG_FS_WKUP_IRQHandler(void);
  84:../startup/startux_stm32f10x_cl.c **** void WEAK  TIM5_IRQHandler(void);
  85:../startup/startux_stm32f10x_cl.c **** void WEAK  SPI3_IRQHandler(void);
  86:../startup/startux_stm32f10x_cl.c **** void WEAK  UART4_IRQHandler(void);
  87:../startup/startux_stm32f10x_cl.c **** void WEAK  UART5_IRQHandler(void);
  88:../startup/startux_stm32f10x_cl.c **** void WEAK  TIM6_IRQHandler(void);
  89:../startup/startux_stm32f10x_cl.c **** void WEAK  TIM7_IRQHandler(void);
  90:../startup/startux_stm32f10x_cl.c **** void WEAK  DMA2_Channel1_IRQHandler(void);
  91:../startup/startux_stm32f10x_cl.c **** void WEAK  DMA2_Channel2_IRQHandler(void);
  92:../startup/startux_stm32f10x_cl.c **** void WEAK  DMA2_Channel3_IRQHandler(void);
  93:../startup/startux_stm32f10x_cl.c **** void WEAK  DMA2_Channel4_IRQHandler(void);
  94:../startup/startux_stm32f10x_cl.c **** void WEAK  DMA2_Channel5_IRQHandler(void);
  95:../startup/startux_stm32f10x_cl.c **** void WEAK  ETH_IRQHandler(void);
  96:../startup/startux_stm32f10x_cl.c **** void WEAK  ETH_WKUP_IRQHandler(void);
  97:../startup/startux_stm32f10x_cl.c **** void WEAK  CAN2_TX_IRQHandler(void);
  98:../startup/startux_stm32f10x_cl.c **** void WEAK  CAN2_RX0_IRQHandler(void);
  99:../startup/startux_stm32f10x_cl.c **** void WEAK  CAN2_RX1_IRQHandler(void);
 100:../startup/startux_stm32f10x_cl.c **** void WEAK  CAN2_SCE_IRQHandler(void);
 101:../startup/startux_stm32f10x_cl.c **** void WEAK  OTG_FS_IRQHandler(void);
 102:../startup/startux_stm32f10x_cl.c **** 
 103:../startup/startux_stm32f10x_cl.c **** 
 104:../startup/startux_stm32f10x_cl.c **** /*----------Symbols defined in linker script----------------------------------*/
 105:../startup/startux_stm32f10x_cl.c **** extern unsigned long _sidata;    /*!< Start address for the initialization
 106:../startup/startux_stm32f10x_cl.c ****                                       values of the .data section.            */
 107:../startup/startux_stm32f10x_cl.c **** extern unsigned long _sdata;     /*!< Start address for the .data section     */
 108:../startup/startux_stm32f10x_cl.c **** extern unsigned long _edata;     /*!< End address for the .data section       */
 109:../startup/startux_stm32f10x_cl.c **** extern unsigned long _sbss;      /*!< Start address for the .bss section      */
 110:../startup/startux_stm32f10x_cl.c **** extern unsigned long _ebss;      /*!< End address for the .bss section        */
 111:../startup/startux_stm32f10x_cl.c **** 
 112:../startup/startux_stm32f10x_cl.c **** 
 113:../startup/startux_stm32f10x_cl.c **** /*----------Function prototypes-----------------------------------------------*/
 114:../startup/startux_stm32f10x_cl.c **** extern int main(void);           /*!< The entry point for the application.    */
 115:../startup/startux_stm32f10x_cl.c **** extern void SystemInit(void);    /*!< Setup the microcontroller system(CMSIS) */
 116:../startup/startux_stm32f10x_cl.c **** void Default_Reset_Handler(void);   /*!< Default reset handler                */
 117:../startup/startux_stm32f10x_cl.c **** static void Default_Handler(void);  /*!< Default exception handler            */
 118:../startup/startux_stm32f10x_cl.c **** 
 119:../startup/startux_stm32f10x_cl.c **** 
 120:../startup/startux_stm32f10x_cl.c **** /**
 121:../startup/startux_stm32f10x_cl.c ****   *@brief The minimal vector table for a Cortex M3.  Note that the proper constructs
 122:../startup/startux_stm32f10x_cl.c ****   *       must be placed on this to ensure that it ends up at physical address
 123:../startup/startux_stm32f10x_cl.c ****   *       0x00000000.
 124:../startup/startux_stm32f10x_cl.c ****   */
 125:../startup/startux_stm32f10x_cl.c **** __attribute__ ((used,section(".isr_vectors")))
 126:../startup/startux_stm32f10x_cl.c **** void (* const g_pfnVectors[])(void) =
 127:../startup/startux_stm32f10x_cl.c **** {
 128:../startup/startux_stm32f10x_cl.c ****   /*----------Core Exceptions-------------------------------------------------*/
 129:../startup/startux_stm32f10x_cl.c ****   (void *)&pulStack[STACK_SIZE],     /*!< The initial stack pointer         */
 130:../startup/startux_stm32f10x_cl.c ****   Reset_Handler,                /*!< Reset Handler                            */
 131:../startup/startux_stm32f10x_cl.c ****   NMI_Handler,                  /*!< NMI Handler                              */
 132:../startup/startux_stm32f10x_cl.c ****   HardFault_Handler,            /*!< Hard Fault Handler                       */
 133:../startup/startux_stm32f10x_cl.c ****   MemManage_Handler,            /*!< MPU Fault Handler                        */
 134:../startup/startux_stm32f10x_cl.c ****   BusFault_Handler,             /*!< Bus Fault Handler                        */
 135:../startup/startux_stm32f10x_cl.c ****   UsageFault_Handler,           /*!< Usage Fault Handler                      */
 136:../startup/startux_stm32f10x_cl.c ****   0,0,0,0,                      /*!< Reserved                                 */
 137:../startup/startux_stm32f10x_cl.c ****   SVC_Handler,                  /*!< SVCall Handler                           */
 138:../startup/startux_stm32f10x_cl.c ****   DebugMon_Handler,             /*!< Debug Monitor Handler                    */
 139:../startup/startux_stm32f10x_cl.c ****   0,                            /*!< Reserved                                 */
 140:../startup/startux_stm32f10x_cl.c ****   PendSV_Handler,               /*!< PendSV Handler                           */
 141:../startup/startux_stm32f10x_cl.c ****   SysTick_Handler,              /*!< SysTick Handler                          */
 142:../startup/startux_stm32f10x_cl.c **** 
 143:../startup/startux_stm32f10x_cl.c ****   /*----------External Exceptions---------------------------------------------*/
 144:../startup/startux_stm32f10x_cl.c ****   WWDG_IRQHandler,              /*!<  0: Window Watchdog                      */
 145:../startup/startux_stm32f10x_cl.c ****   PVD_IRQHandler,               /*!<  1: PVD through EXTI Line detect         */
 146:../startup/startux_stm32f10x_cl.c ****   TAMPER_IRQHandler,            /*!<  2: Tamper                               */
 147:../startup/startux_stm32f10x_cl.c ****   RTC_IRQHandler,               /*!<  3: RTC                                  */
 148:../startup/startux_stm32f10x_cl.c ****   FLASH_IRQHandler,             /*!<  4: Flash                                */
 149:../startup/startux_stm32f10x_cl.c ****   RCC_IRQHandler,               /*!<  5: RCC                                  */
 150:../startup/startux_stm32f10x_cl.c ****   EXTI0_IRQHandler,             /*!<  6: EXTI Line 0                          */
 151:../startup/startux_stm32f10x_cl.c ****   EXTI1_IRQHandler,             /*!<  7: EXTI Line 1                          */
 152:../startup/startux_stm32f10x_cl.c ****   EXTI2_IRQHandler,             /*!<  8: EXTI Line 2                          */
 153:../startup/startux_stm32f10x_cl.c ****   EXTI3_IRQHandler,             /*!<  9: EXTI Line 3                          */
 154:../startup/startux_stm32f10x_cl.c ****   EXTI4_IRQHandler,             /*!< 10: EXTI Line 4                          */
 155:../startup/startux_stm32f10x_cl.c ****   DMA1_Channel1_IRQHandler,     /*!< 11: DMA1 Channel 1                       */
 156:../startup/startux_stm32f10x_cl.c ****   DMA1_Channel2_IRQHandler,     /*!< 12: DMA1 Channel 2                       */
 157:../startup/startux_stm32f10x_cl.c ****   DMA1_Channel3_IRQHandler,     /*!< 13: DMA1 Channel 3                       */
 158:../startup/startux_stm32f10x_cl.c ****   DMA1_Channel4_IRQHandler,     /*!< 14: DMA1 Channel 4                       */
 159:../startup/startux_stm32f10x_cl.c ****   DMA1_Channel5_IRQHandler,     /*!< 15: DMA1 Channel 5                       */
 160:../startup/startux_stm32f10x_cl.c ****   DMA1_Channel6_IRQHandler,     /*!< 16: DMA1 Channel 6                       */
 161:../startup/startux_stm32f10x_cl.c ****   DMA1_Channel7_IRQHandler,     /*!< 17: DMA1 Channel 7                       */
 162:../startup/startux_stm32f10x_cl.c ****   ADC1_2_IRQHandler,            /*!< 18: ADC1 & ADC2                          */
 163:../startup/startux_stm32f10x_cl.c ****   CAN1_TX_IRQHandler,           /*!< 19: CAN1 TX                              */
 164:../startup/startux_stm32f10x_cl.c ****   CAN1_RX0_IRQHandler,          /*!< 20:  CAN1 RX0                            */
 165:../startup/startux_stm32f10x_cl.c ****   CAN1_RX1_IRQHandler,          /*!< 21: CAN1 RX1                             */
 166:../startup/startux_stm32f10x_cl.c ****   CAN1_SCE_IRQHandler,          /*!< 22: CAN1 SCE                             */
 167:../startup/startux_stm32f10x_cl.c ****   EXTI9_5_IRQHandler,           /*!< 23: EXTI Line 9..5                       */
 168:../startup/startux_stm32f10x_cl.c ****   TIM1_BRK_IRQHandler,          /*!< 24: TIM1 Break                           */
 169:../startup/startux_stm32f10x_cl.c ****   TIM1_UP_IRQHandler,           /*!< 25: TIM1 Update                          */
 170:../startup/startux_stm32f10x_cl.c ****   TIM1_TRG_COM_IRQHandler,      /*!< 26: TIM1 Trigger and Commutation         */
 171:../startup/startux_stm32f10x_cl.c ****   TIM1_CC_IRQHandler,           /*!< 27: TIM1 Capture Compare                 */
 172:../startup/startux_stm32f10x_cl.c ****   TIM2_IRQHandler,              /*!< 28: TIM2                                 */
 173:../startup/startux_stm32f10x_cl.c ****   TIM3_IRQHandler,              /*!< 29: TIM3                                 */
 174:../startup/startux_stm32f10x_cl.c ****   TIM4_IRQHandler,              /*!< 30: TIM4                                 */
 175:../startup/startux_stm32f10x_cl.c ****   I2C1_EV_IRQHandler,           /*!< 31: I2C1 Event                           */
 176:../startup/startux_stm32f10x_cl.c ****   I2C1_ER_IRQHandler,           /*!< 32: I2C1 Error                           */
 177:../startup/startux_stm32f10x_cl.c ****   I2C2_EV_IRQHandler,           /*!< 33: I2C2 Event                           */
 178:../startup/startux_stm32f10x_cl.c ****   I2C2_ER_IRQHandler,           /*!< 34: I2C2 Error                           */
 179:../startup/startux_stm32f10x_cl.c ****   SPI1_IRQHandler,              /*!< 35: SPI1                                 */
 180:../startup/startux_stm32f10x_cl.c ****   SPI2_IRQHandler,              /*!< 36: SPI2                                 */
 181:../startup/startux_stm32f10x_cl.c ****   USART1_IRQHandler,            /*!< 37: USART1                               */
 182:../startup/startux_stm32f10x_cl.c ****   USART2_IRQHandler,            /*!< 38: USART2                               */
 183:../startup/startux_stm32f10x_cl.c ****   USART3_IRQHandler,            /*!< 39: USART3                               */
 184:../startup/startux_stm32f10x_cl.c ****   EXTI15_10_IRQHandler,         /*!< 40: EXTI Line 15..10                     */
 185:../startup/startux_stm32f10x_cl.c ****   RTCAlarm_IRQHandler,          /*!< 41: RTC Alarm through EXTI Line          */
 186:../startup/startux_stm32f10x_cl.c ****   OTG_FS_WKUP_IRQHandler,       /*!< 42: USB OTG FS Wakeup through EXTI line  */
 187:../startup/startux_stm32f10x_cl.c ****   0,0,0,0,0,0,0,                /*!< Reserved                                 */
 188:../startup/startux_stm32f10x_cl.c ****   TIM5_IRQHandler,              /*!< 50: TIM5                                 */
 189:../startup/startux_stm32f10x_cl.c ****   SPI3_IRQHandler,               /*!< 51: SPI3                                 */
 190:../startup/startux_stm32f10x_cl.c ****   UART4_IRQHandler,              /*!< 52: UART4                                */
 191:../startup/startux_stm32f10x_cl.c ****   UART5_IRQHandler,              /*!< 53: UART5                                */
 192:../startup/startux_stm32f10x_cl.c ****   TIM6_IRQHandler,               /*!< 54: TIM6                                 */
 193:../startup/startux_stm32f10x_cl.c ****   TIM7_IRQHandler,               /*!< 55: TIM7                                 */
 194:../startup/startux_stm32f10x_cl.c ****   DMA2_Channel1_IRQHandler,      /*!< 56: DMA2 Channel1                        */
 195:../startup/startux_stm32f10x_cl.c ****   DMA2_Channel2_IRQHandler,      /*!< 57: DMA2 Channel2                        */
 196:../startup/startux_stm32f10x_cl.c ****   DMA2_Channel3_IRQHandler,      /*!< 58: DMA2 Channel3                        */
 197:../startup/startux_stm32f10x_cl.c ****   DMA2_Channel4_IRQHandler,      /*!< 59: DMA2 Channel4                        */
 198:../startup/startux_stm32f10x_cl.c ****   DMA2_Channel5_IRQHandler,      /*!< 60: DMA2 Channel5                        */
 199:../startup/startux_stm32f10x_cl.c ****   ETH_IRQHandler,                /*!< 61: Ethernet                             */
 200:../startup/startux_stm32f10x_cl.c ****   ETH_WKUP_IRQHandler,           /*!< 62: Ethernet Wakeup through EXTI line    */
 201:../startup/startux_stm32f10x_cl.c ****   CAN2_TX_IRQHandler,            /*!< 63: CAN2 TX                              */
 202:../startup/startux_stm32f10x_cl.c ****   CAN2_RX0_IRQHandler,           /*!< 64: CAN2 RX0                             */
 203:../startup/startux_stm32f10x_cl.c ****   CAN2_RX1_IRQHandler,           /*!< 65: CAN2 RX1                             */
 204:../startup/startux_stm32f10x_cl.c ****   CAN2_SCE_IRQHandler,           /*!< 66: CAN2 SCE                             */
 205:../startup/startux_stm32f10x_cl.c ****   OTG_FS_IRQHandler,             /*!< 67: USB OTG FS                           */
 206:../startup/startux_stm32f10x_cl.c ****   (void *)0xF108F85F            /*!< Boot in RAM mode                         */
 207:../startup/startux_stm32f10x_cl.c **** };
 208:../startup/startux_stm32f10x_cl.c **** 
 209:../startup/startux_stm32f10x_cl.c **** 
 210:../startup/startux_stm32f10x_cl.c **** /**
 211:../startup/startux_stm32f10x_cl.c ****   * @brief  This is the code that gets called when the processor first
 212:../startup/startux_stm32f10x_cl.c ****   *         starts execution following a reset event. Only the absolutely
 213:../startup/startux_stm32f10x_cl.c ****   *         necessary set is performed, after which the application
 214:../startup/startux_stm32f10x_cl.c ****   *         supplied main() routine is called.
 215:../startup/startux_stm32f10x_cl.c ****   * @param  None
 216:../startup/startux_stm32f10x_cl.c ****   * @retval None
 217:../startup/startux_stm32f10x_cl.c ****   */
 218:../startup/startux_stm32f10x_cl.c **** void Default_Reset_Handler(void)
 219:../startup/startux_stm32f10x_cl.c **** {
 220:../startup/startux_stm32f10x_cl.c ****   /* Initialize data and bss */
 221:../startup/startux_stm32f10x_cl.c ****   unsigned long *pulSrc, *pulDest;
 222:../startup/startux_stm32f10x_cl.c **** 
 223:../startup/startux_stm32f10x_cl.c ****   /* Copy the data segment initializers from flash to SRAM */
 224:../startup/startux_stm32f10x_cl.c ****   pulSrc = &_sidata;
 225:../startup/startux_stm32f10x_cl.c **** 
 226:../startup/startux_stm32f10x_cl.c ****   for(pulDest = &_sdata; pulDest < &_edata; )
 227:../startup/startux_stm32f10x_cl.c ****   {
 228:../startup/startux_stm32f10x_cl.c ****     *(pulDest++) = *(pulSrc++);
 229:../startup/startux_stm32f10x_cl.c ****   }
 230:../startup/startux_stm32f10x_cl.c **** 
 231:../startup/startux_stm32f10x_cl.c ****   /* Zero fill the bss segment.  This is done with inline assembly since this
 232:../startup/startux_stm32f10x_cl.c ****      will clear the value of pulDest if it is not kept in a register. */
 233:../startup/startux_stm32f10x_cl.c ****   __asm("  ldr     r0, =_sbss\n"
 234:../startup/startux_stm32f10x_cl.c ****         "  ldr     r1, =_ebss\n"
 235:../startup/startux_stm32f10x_cl.c ****         "  mov     r2, #0\n"
 236:../startup/startux_stm32f10x_cl.c ****         "  .thumb_func\n"
 237:../startup/startux_stm32f10x_cl.c ****         "zero_loop:\n"
 238:../startup/startux_stm32f10x_cl.c ****         "    cmp     r0, r1\n"
 239:../startup/startux_stm32f10x_cl.c ****         "    it      lt\n"
 240:../startup/startux_stm32f10x_cl.c ****         "    strlt   r2, [r0], #4\n"
 241:../startup/startux_stm32f10x_cl.c ****         "    blt     zero_loop");
 242:../startup/startux_stm32f10x_cl.c **** 
 243:../startup/startux_stm32f10x_cl.c ****   /* Setup the microcontroller system. */
 244:../startup/startux_stm32f10x_cl.c ****   SystemInit();
 245:../startup/startux_stm32f10x_cl.c **** 
 246:../startup/startux_stm32f10x_cl.c ****   /* Call the application's entry point.*/
 247:../startup/startux_stm32f10x_cl.c ****   main();
 248:../startup/startux_stm32f10x_cl.c **** }
 249:../startup/startux_stm32f10x_cl.c **** 
 250:../startup/startux_stm32f10x_cl.c **** /**
 251:../startup/startux_stm32f10x_cl.c ****   *@brief Provide weak aliases for each Exception handler to the Default_Handler.
 252:../startup/startux_stm32f10x_cl.c ****   *       As they are weak aliases, any function with the same name will override
 253:../startup/startux_stm32f10x_cl.c ****   *       this definition.
 254:../startup/startux_stm32f10x_cl.c ****   */
 255:../startup/startux_stm32f10x_cl.c **** #pragma weak Reset_Handler = Default_Reset_Handler
 256:../startup/startux_stm32f10x_cl.c **** #pragma weak NMI_Handler = Default_Handler
 257:../startup/startux_stm32f10x_cl.c **** #pragma weak HardFault_Handler = Default_Handler
 258:../startup/startux_stm32f10x_cl.c **** #pragma weak MemManage_Handler = Default_Handler
 259:../startup/startux_stm32f10x_cl.c **** #pragma weak BusFault_Handler = Default_Handler
 260:../startup/startux_stm32f10x_cl.c **** #pragma weak UsageFault_Handler = Default_Handler
 261:../startup/startux_stm32f10x_cl.c **** #pragma weak SVC_Handler = Default_Handler
 262:../startup/startux_stm32f10x_cl.c **** #pragma weak DebugMon_Handler = Default_Handler
 263:../startup/startux_stm32f10x_cl.c **** #pragma weak PendSV_Handler = Default_Handler
 264:../startup/startux_stm32f10x_cl.c **** #pragma weak SysTick_Handler = Default_Handler
 265:../startup/startux_stm32f10x_cl.c **** #pragma weak WWDG_IRQHandler = Default_Handler
 266:../startup/startux_stm32f10x_cl.c **** #pragma weak PVD_IRQHandler = Default_Handler
 267:../startup/startux_stm32f10x_cl.c **** #pragma weak TAMPER_IRQHandler = Default_Handler
 268:../startup/startux_stm32f10x_cl.c **** #pragma weak RTC_IRQHandler = Default_Handler
 269:../startup/startux_stm32f10x_cl.c **** #pragma weak FLASH_IRQHandler = Default_Handler
 270:../startup/startux_stm32f10x_cl.c **** #pragma weak RCC_IRQHandler = Default_Handler
 271:../startup/startux_stm32f10x_cl.c **** #pragma weak EXTI0_IRQHandler = Default_Handler
 272:../startup/startux_stm32f10x_cl.c **** #pragma weak EXTI1_IRQHandler = Default_Handler
 273:../startup/startux_stm32f10x_cl.c **** #pragma weak EXTI2_IRQHandler = Default_Handler
 274:../startup/startux_stm32f10x_cl.c **** #pragma weak EXTI3_IRQHandler = Default_Handler
 275:../startup/startux_stm32f10x_cl.c **** #pragma weak EXTI4_IRQHandler = Default_Handler
 276:../startup/startux_stm32f10x_cl.c **** #pragma weak DMA1_Channel1_IRQHandler = Default_Handler
 277:../startup/startux_stm32f10x_cl.c **** #pragma weak DMA1_Channel2_IRQHandler = Default_Handler
 278:../startup/startux_stm32f10x_cl.c **** #pragma weak DMA1_Channel3_IRQHandler = Default_Handler
 279:../startup/startux_stm32f10x_cl.c **** #pragma weak DMA1_Channel4_IRQHandler = Default_Handler
 280:../startup/startux_stm32f10x_cl.c **** #pragma weak DMA1_Channel5_IRQHandler = Default_Handler
 281:../startup/startux_stm32f10x_cl.c **** #pragma weak DMA1_Channel6_IRQHandler = Default_Handler
 282:../startup/startux_stm32f10x_cl.c **** #pragma weak DMA1_Channel7_IRQHandler = Default_Handler
 283:../startup/startux_stm32f10x_cl.c **** #pragma weak ADC1_2_IRQHandler = Default_Handler
 284:../startup/startux_stm32f10x_cl.c **** #pragma weak CAN1_TX_IRQHandler = Default_Handler
 285:../startup/startux_stm32f10x_cl.c **** #pragma weak CAN1_RX0_IRQHandler = Default_Handler
 286:../startup/startux_stm32f10x_cl.c **** #pragma weak CAN1_RX1_IRQHandler = Default_Handler
 287:../startup/startux_stm32f10x_cl.c **** #pragma weak CAN1_SCE_IRQHandler = Default_Handler
 288:../startup/startux_stm32f10x_cl.c **** #pragma weak EXTI9_5_IRQHandler = Default_Handler
 289:../startup/startux_stm32f10x_cl.c **** #pragma weak TIM1_BRK_IRQHandler = Default_Handler
 290:../startup/startux_stm32f10x_cl.c **** #pragma weak TIM1_UP_IRQHandler = Default_Handler
 291:../startup/startux_stm32f10x_cl.c **** #pragma weak TIM1_TRG_COM_IRQHandler = Default_Handler
 292:../startup/startux_stm32f10x_cl.c **** #pragma weak TIM1_CC_IRQHandler = Default_Handler
 293:../startup/startux_stm32f10x_cl.c **** #pragma weak TIM2_IRQHandler = Default_Handler
 294:../startup/startux_stm32f10x_cl.c **** #pragma weak TIM3_IRQHandler = Default_Handler
 295:../startup/startux_stm32f10x_cl.c **** #pragma weak TIM4_IRQHandler = Default_Handler
 296:../startup/startux_stm32f10x_cl.c **** #pragma weak I2C1_EV_IRQHandler = Default_Handler
 297:../startup/startux_stm32f10x_cl.c **** #pragma weak I2C1_ER_IRQHandler = Default_Handler
 298:../startup/startux_stm32f10x_cl.c **** #pragma weak I2C2_EV_IRQHandler = Default_Handler
 299:../startup/startux_stm32f10x_cl.c **** #pragma weak I2C2_ER_IRQHandler = Default_Handler
 300:../startup/startux_stm32f10x_cl.c **** #pragma weak SPI1_IRQHandler = Default_Handler
 301:../startup/startux_stm32f10x_cl.c **** #pragma weak SPI2_IRQHandler = Default_Handler
 302:../startup/startux_stm32f10x_cl.c **** #pragma weak USART1_IRQHandler = Default_Handler
 303:../startup/startux_stm32f10x_cl.c **** #pragma weak USART2_IRQHandler = Default_Handler
 304:../startup/startux_stm32f10x_cl.c **** #pragma weak USART3_IRQHandler = Default_Handler
 305:../startup/startux_stm32f10x_cl.c **** #pragma weak EXTI15_10_IRQHandler = Default_Handler
 306:../startup/startux_stm32f10x_cl.c **** #pragma weak RTCAlarm_IRQHandler = Default_Handler
 307:../startup/startux_stm32f10x_cl.c **** #pragma weak OTG_FS_WKUP_IRQHandler = Default_Handler
 308:../startup/startux_stm32f10x_cl.c **** #pragma weak TIM5_IRQHandler = Default_Handler
 309:../startup/startux_stm32f10x_cl.c **** #pragma weak SPI3_IRQHandler = Default_Handler
 310:../startup/startux_stm32f10x_cl.c **** #pragma weak UART4_IRQHandler = Default_Handler
 311:../startup/startux_stm32f10x_cl.c **** #pragma weak UART5_IRQHandler = Default_Handler
 312:../startup/startux_stm32f10x_cl.c **** #pragma weak TIM6_IRQHandler = Default_Handler
 313:../startup/startux_stm32f10x_cl.c **** #pragma weak TIM7_IRQHandler = Default_Handler
 314:../startup/startux_stm32f10x_cl.c **** #pragma weak DMA2_Channel1_IRQHandler = Default_Handler
 315:../startup/startux_stm32f10x_cl.c **** #pragma weak DMA2_Channel2_IRQHandler = Default_Handler
 316:../startup/startux_stm32f10x_cl.c **** #pragma weak DMA2_Channel3_IRQHandler = Default_Handler
 317:../startup/startux_stm32f10x_cl.c **** #pragma weak DMA2_Channel4_IRQHandler = Default_Handler
 318:../startup/startux_stm32f10x_cl.c **** #pragma weak DMA2_Channel5_IRQHandler = Default_Handler
 319:../startup/startux_stm32f10x_cl.c **** #pragma weak ETH_IRQHandler = Default_Handler
 320:../startup/startux_stm32f10x_cl.c **** #pragma weak ETH_WKUP_IRQHandler = Default_Handler
 321:../startup/startux_stm32f10x_cl.c **** #pragma weak CAN2_TX_IRQHandler = Default_Handler
 322:../startup/startux_stm32f10x_cl.c **** #pragma weak CAN2_RX0_IRQHandler = Default_Handler
 323:../startup/startux_stm32f10x_cl.c **** #pragma weak CAN2_RX1_IRQHandler = Default_Handler
 324:../startup/startux_stm32f10x_cl.c **** #pragma weak CAN2_SCE_IRQHandler = Default_Handler
 325:../startup/startux_stm32f10x_cl.c **** #pragma weak OTG_FS_IRQHandler = Default_Handler
 326:../startup/startux_stm32f10x_cl.c **** 
 327:../startup/startux_stm32f10x_cl.c **** 
 328:../startup/startux_stm32f10x_cl.c **** /**
 329:../startup/startux_stm32f10x_cl.c ****   * @brief  This is the code that gets called when the processor receives an
 330:../startup/startux_stm32f10x_cl.c ****   *         unexpected interrupt.  This simply enters an infinite loop,
 331:../startup/startux_stm32f10x_cl.c ****   *         preserving the system state for examination by a debugger.
 332:../startup/startux_stm32f10x_cl.c ****   * @param  None
 333:../startup/startux_stm32f10x_cl.c ****   * @retval None
 334:../startup/startux_stm32f10x_cl.c ****   */
 335:../startup/startux_stm32f10x_cl.c **** static void Default_Handler(void)
 336:../startup/startux_stm32f10x_cl.c **** {
  27              		.loc 1 336 0
  28              		.cfi_startproc
  29              		@ Volatile: function does not return.
  30              		@ args = 0, pretend = 0, frame = 0
  31              		@ frame_needed = 0, uses_anonymous_args = 0
  32              		@ link register save eliminated.
  33              	.L2:
  34 0000 FEE7     		b	.L2
  35              		.cfi_endproc
  36              	.LFE1:
  38              		.weak	OTG_FS_IRQHandler
  39              		.thumb_set OTG_FS_IRQHandler,Default_Handler
  40              		.weak	CAN2_SCE_IRQHandler
  41              		.thumb_set CAN2_SCE_IRQHandler,Default_Handler
  42              		.weak	CAN2_RX1_IRQHandler
  43              		.thumb_set CAN2_RX1_IRQHandler,Default_Handler
  44              		.weak	CAN2_RX0_IRQHandler
  45              		.thumb_set CAN2_RX0_IRQHandler,Default_Handler
  46              		.weak	CAN2_TX_IRQHandler
  47              		.thumb_set CAN2_TX_IRQHandler,Default_Handler
  48              		.weak	ETH_WKUP_IRQHandler
  49              		.thumb_set ETH_WKUP_IRQHandler,Default_Handler
  50              		.weak	ETH_IRQHandler
  51              		.thumb_set ETH_IRQHandler,Default_Handler
  52              		.weak	DMA2_Channel5_IRQHandler
  53              		.thumb_set DMA2_Channel5_IRQHandler,Default_Handler
  54              		.weak	DMA2_Channel4_IRQHandler
  55              		.thumb_set DMA2_Channel4_IRQHandler,Default_Handler
  56              		.weak	DMA2_Channel3_IRQHandler
  57              		.thumb_set DMA2_Channel3_IRQHandler,Default_Handler
  58              		.weak	DMA2_Channel2_IRQHandler
  59              		.thumb_set DMA2_Channel2_IRQHandler,Default_Handler
  60              		.weak	DMA2_Channel1_IRQHandler
  61              		.thumb_set DMA2_Channel1_IRQHandler,Default_Handler
  62              		.weak	TIM7_IRQHandler
  63              		.thumb_set TIM7_IRQHandler,Default_Handler
  64              		.weak	TIM6_IRQHandler
  65              		.thumb_set TIM6_IRQHandler,Default_Handler
  66              		.weak	UART5_IRQHandler
  67              		.thumb_set UART5_IRQHandler,Default_Handler
  68              		.weak	UART4_IRQHandler
  69              		.thumb_set UART4_IRQHandler,Default_Handler
  70              		.weak	SPI3_IRQHandler
  71              		.thumb_set SPI3_IRQHandler,Default_Handler
  72              		.weak	TIM5_IRQHandler
  73              		.thumb_set TIM5_IRQHandler,Default_Handler
  74              		.weak	OTG_FS_WKUP_IRQHandler
  75              		.thumb_set OTG_FS_WKUP_IRQHandler,Default_Handler
  76              		.weak	RTCAlarm_IRQHandler
  77              		.thumb_set RTCAlarm_IRQHandler,Default_Handler
  78              		.weak	EXTI15_10_IRQHandler
  79              		.thumb_set EXTI15_10_IRQHandler,Default_Handler
  80              		.weak	USART3_IRQHandler
  81              		.thumb_set USART3_IRQHandler,Default_Handler
  82              		.weak	USART2_IRQHandler
  83              		.thumb_set USART2_IRQHandler,Default_Handler
  84              		.weak	USART1_IRQHandler
  85              		.thumb_set USART1_IRQHandler,Default_Handler
  86              		.weak	SPI2_IRQHandler
  87              		.thumb_set SPI2_IRQHandler,Default_Handler
  88              		.weak	SPI1_IRQHandler
  89              		.thumb_set SPI1_IRQHandler,Default_Handler
  90              		.weak	I2C2_ER_IRQHandler
  91              		.thumb_set I2C2_ER_IRQHandler,Default_Handler
  92              		.weak	I2C2_EV_IRQHandler
  93              		.thumb_set I2C2_EV_IRQHandler,Default_Handler
  94              		.weak	I2C1_ER_IRQHandler
  95              		.thumb_set I2C1_ER_IRQHandler,Default_Handler
  96              		.weak	I2C1_EV_IRQHandler
  97              		.thumb_set I2C1_EV_IRQHandler,Default_Handler
  98              		.weak	TIM4_IRQHandler
  99              		.thumb_set TIM4_IRQHandler,Default_Handler
 100              		.weak	TIM3_IRQHandler
 101              		.thumb_set TIM3_IRQHandler,Default_Handler
 102              		.weak	TIM2_IRQHandler
 103              		.thumb_set TIM2_IRQHandler,Default_Handler
 104              		.weak	TIM1_CC_IRQHandler
 105              		.thumb_set TIM1_CC_IRQHandler,Default_Handler
 106              		.weak	TIM1_TRG_COM_IRQHandler
 107              		.thumb_set TIM1_TRG_COM_IRQHandler,Default_Handler
 108              		.weak	TIM1_UP_IRQHandler
 109              		.thumb_set TIM1_UP_IRQHandler,Default_Handler
 110              		.weak	TIM1_BRK_IRQHandler
 111              		.thumb_set TIM1_BRK_IRQHandler,Default_Handler
 112              		.weak	EXTI9_5_IRQHandler
 113              		.thumb_set EXTI9_5_IRQHandler,Default_Handler
 114              		.weak	CAN1_SCE_IRQHandler
 115              		.thumb_set CAN1_SCE_IRQHandler,Default_Handler
 116              		.weak	CAN1_RX1_IRQHandler
 117              		.thumb_set CAN1_RX1_IRQHandler,Default_Handler
 118              		.weak	CAN1_RX0_IRQHandler
 119              		.thumb_set CAN1_RX0_IRQHandler,Default_Handler
 120              		.weak	CAN1_TX_IRQHandler
 121              		.thumb_set CAN1_TX_IRQHandler,Default_Handler
 122              		.weak	ADC1_2_IRQHandler
 123              		.thumb_set ADC1_2_IRQHandler,Default_Handler
 124              		.weak	DMA1_Channel7_IRQHandler
 125              		.thumb_set DMA1_Channel7_IRQHandler,Default_Handler
 126              		.weak	DMA1_Channel6_IRQHandler
 127              		.thumb_set DMA1_Channel6_IRQHandler,Default_Handler
 128              		.weak	DMA1_Channel5_IRQHandler
 129              		.thumb_set DMA1_Channel5_IRQHandler,Default_Handler
 130              		.weak	DMA1_Channel4_IRQHandler
 131              		.thumb_set DMA1_Channel4_IRQHandler,Default_Handler
 132              		.weak	DMA1_Channel3_IRQHandler
 133              		.thumb_set DMA1_Channel3_IRQHandler,Default_Handler
 134              		.weak	DMA1_Channel2_IRQHandler
 135              		.thumb_set DMA1_Channel2_IRQHandler,Default_Handler
 136              		.weak	DMA1_Channel1_IRQHandler
 137              		.thumb_set DMA1_Channel1_IRQHandler,Default_Handler
 138              		.weak	EXTI4_IRQHandler
 139              		.thumb_set EXTI4_IRQHandler,Default_Handler
 140              		.weak	EXTI3_IRQHandler
 141              		.thumb_set EXTI3_IRQHandler,Default_Handler
 142              		.weak	EXTI2_IRQHandler
 143              		.thumb_set EXTI2_IRQHandler,Default_Handler
 144              		.weak	EXTI1_IRQHandler
 145              		.thumb_set EXTI1_IRQHandler,Default_Handler
 146              		.weak	EXTI0_IRQHandler
 147              		.thumb_set EXTI0_IRQHandler,Default_Handler
 148              		.weak	RCC_IRQHandler
 149              		.thumb_set RCC_IRQHandler,Default_Handler
 150              		.weak	FLASH_IRQHandler
 151              		.thumb_set FLASH_IRQHandler,Default_Handler
 152              		.weak	RTC_IRQHandler
 153              		.thumb_set RTC_IRQHandler,Default_Handler
 154              		.weak	TAMPER_IRQHandler
 155              		.thumb_set TAMPER_IRQHandler,Default_Handler
 156              		.weak	PVD_IRQHandler
 157              		.thumb_set PVD_IRQHandler,Default_Handler
 158              		.weak	WWDG_IRQHandler
 159              		.thumb_set WWDG_IRQHandler,Default_Handler
 160              		.weak	SysTick_Handler
 161              		.thumb_set SysTick_Handler,Default_Handler
 162              		.weak	PendSV_Handler
 163              		.thumb_set PendSV_Handler,Default_Handler
 164              		.weak	DebugMon_Handler
 165              		.thumb_set DebugMon_Handler,Default_Handler
 166              		.weak	SVC_Handler
 167              		.thumb_set SVC_Handler,Default_Handler
 168              		.weak	UsageFault_Handler
 169              		.thumb_set UsageFault_Handler,Default_Handler
 170              		.weak	BusFault_Handler
 171              		.thumb_set BusFault_Handler,Default_Handler
 172              		.weak	MemManage_Handler
 173              		.thumb_set MemManage_Handler,Default_Handler
 174              		.weak	HardFault_Handler
 175              		.thumb_set HardFault_Handler,Default_Handler
 176              		.weak	NMI_Handler
 177              		.thumb_set NMI_Handler,Default_Handler
 178 0002 00BF     		.section	.text.Default_Reset_Handler,"ax",%progbits
 179              		.align	2
 180              		.global	Default_Reset_Handler
 181              		.thumb
 182              		.thumb_func
 184              	Default_Reset_Handler:
 185              	.LFB0:
 219:../startup/startux_stm32f10x_cl.c ****   /* Initialize data and bss */
 186              		.loc 1 219 0
 187              		.cfi_startproc
 188              		@ args = 0, pretend = 0, frame = 0
 189              		@ frame_needed = 0, uses_anonymous_args = 0
 219:../startup/startux_stm32f10x_cl.c ****   /* Initialize data and bss */
 190              		.loc 1 219 0
 191 0000 08B5     		push	{r3, lr}
 192              		.cfi_def_cfa_offset 8
 193              		.cfi_offset 3, -8
 194              		.cfi_offset 14, -4
 195              	.LVL0:
 226:../startup/startux_stm32f10x_cl.c ****   {
 196              		.loc 1 226 0
 197 0002 0C4B     		ldr	r3, .L7
 224:../startup/startux_stm32f10x_cl.c **** 
 198              		.loc 1 224 0
 199 0004 0C4A     		ldr	r2, .L7+4
 226:../startup/startux_stm32f10x_cl.c ****   {
 200              		.loc 1 226 0
 201 0006 03E0     		b	.L4
 202              	.LVL1:
 203              	.L5:
 228:../startup/startux_stm32f10x_cl.c ****   }
 204              		.loc 1 228 0
 205 0008 1168     		ldr	r1, [r2]
 206 000a 1960     		str	r1, [r3]
 207 000c 0433     		adds	r3, r3, #4
 208              	.LVL2:
 209 000e 0432     		adds	r2, r2, #4
 210              	.LVL3:
 211              	.L4:
 226:../startup/startux_stm32f10x_cl.c ****   {
 212              		.loc 1 226 0 discriminator 1
 213 0010 0A49     		ldr	r1, .L7+8
 214 0012 8B42     		cmp	r3, r1
 215 0014 F8D3     		bcc	.L5
 233:../startup/startux_stm32f10x_cl.c ****         "  ldr     r1, =_ebss\n"
 216              		.loc 1 233 0
 217              		.syntax unified
 218              	@ 233 "../startup/startux_stm32f10x_cl.c" 1
 219 0016 0A48     		  ldr     r0, =_sbss
 220 0018 0A49     	  ldr     r1, =_ebss
 221 001a 4FF00002 	  mov     r2, #0
 222              	  .thumb_func
 223              	zero_loop:
 224 001e 8842     	    cmp     r0, r1
 225 0020 B8BF     	    it      lt
 226 0022 40F8042B 	    strlt   r2, [r0], #4
 227 0026 FADB     	    blt     zero_loop
 228              	@ 0 "" 2
 244:../startup/startux_stm32f10x_cl.c **** 
 229              		.loc 1 244 0
 230              		.thumb
 231              		.syntax unified
 232 0028 FFF7FEFF 		bl	SystemInit
 233              	.LVL4:
 247:../startup/startux_stm32f10x_cl.c **** }
 234              		.loc 1 247 0
 235 002c FFF7FEFF 		bl	main
 236              	.LVL5:
 237 0030 08BD     		pop	{r3, pc}
 238              	.L8:
 239 0032 00BF     		.align	2
 240              	.L7:
 241 0034 00000000 		.word	_sdata
 242 0038 00000000 		.word	_sidata
 243 003c 00000000 		.word	_edata
 244              		.cfi_endproc
 245              	.LFE0:
 247              		.weak	Reset_Handler
 248              		.thumb_set Reset_Handler,Default_Reset_Handler
 249              		.global	g_pfnVectors
 250              		.global	pulStack
 251              		.section	.isr_vectors,"a",%progbits
 252              		.align	2
 255              	g_pfnVectors:
 256 0000 00400000 		.word	pulStack+16384
 257 0004 00000000 		.word	Reset_Handler
 258 0008 00000000 		.word	NMI_Handler
 259 000c 00000000 		.word	HardFault_Handler
 260 0010 00000000 		.word	MemManage_Handler
 261 0014 00000000 		.word	BusFault_Handler
 262 0018 00000000 		.word	UsageFault_Handler
 263 001c 00000000 		.word	0
 264 0020 00000000 		.word	0
 265 0024 00000000 		.word	0
 266 0028 00000000 		.word	0
 267 002c 00000000 		.word	SVC_Handler
 268 0030 00000000 		.word	DebugMon_Handler
 269 0034 00000000 		.word	0
 270 0038 00000000 		.word	PendSV_Handler
 271 003c 00000000 		.word	SysTick_Handler
 272 0040 00000000 		.word	WWDG_IRQHandler
 273 0044 00000000 		.word	PVD_IRQHandler
 274 0048 00000000 		.word	TAMPER_IRQHandler
 275 004c 00000000 		.word	RTC_IRQHandler
 276 0050 00000000 		.word	FLASH_IRQHandler
 277 0054 00000000 		.word	RCC_IRQHandler
 278 0058 00000000 		.word	EXTI0_IRQHandler
 279 005c 00000000 		.word	EXTI1_IRQHandler
 280 0060 00000000 		.word	EXTI2_IRQHandler
 281 0064 00000000 		.word	EXTI3_IRQHandler
 282 0068 00000000 		.word	EXTI4_IRQHandler
 283 006c 00000000 		.word	DMA1_Channel1_IRQHandler
 284 0070 00000000 		.word	DMA1_Channel2_IRQHandler
 285 0074 00000000 		.word	DMA1_Channel3_IRQHandler
 286 0078 00000000 		.word	DMA1_Channel4_IRQHandler
 287 007c 00000000 		.word	DMA1_Channel5_IRQHandler
 288 0080 00000000 		.word	DMA1_Channel6_IRQHandler
 289 0084 00000000 		.word	DMA1_Channel7_IRQHandler
 290 0088 00000000 		.word	ADC1_2_IRQHandler
 291 008c 00000000 		.word	CAN1_TX_IRQHandler
 292 0090 00000000 		.word	CAN1_RX0_IRQHandler
 293 0094 00000000 		.word	CAN1_RX1_IRQHandler
 294 0098 00000000 		.word	CAN1_SCE_IRQHandler
 295 009c 00000000 		.word	EXTI9_5_IRQHandler
 296 00a0 00000000 		.word	TIM1_BRK_IRQHandler
 297 00a4 00000000 		.word	TIM1_UP_IRQHandler
 298 00a8 00000000 		.word	TIM1_TRG_COM_IRQHandler
 299 00ac 00000000 		.word	TIM1_CC_IRQHandler
 300 00b0 00000000 		.word	TIM2_IRQHandler
 301 00b4 00000000 		.word	TIM3_IRQHandler
 302 00b8 00000000 		.word	TIM4_IRQHandler
 303 00bc 00000000 		.word	I2C1_EV_IRQHandler
 304 00c0 00000000 		.word	I2C1_ER_IRQHandler
 305 00c4 00000000 		.word	I2C2_EV_IRQHandler
 306 00c8 00000000 		.word	I2C2_ER_IRQHandler
 307 00cc 00000000 		.word	SPI1_IRQHandler
 308 00d0 00000000 		.word	SPI2_IRQHandler
 309 00d4 00000000 		.word	USART1_IRQHandler
 310 00d8 00000000 		.word	USART2_IRQHandler
 311 00dc 00000000 		.word	USART3_IRQHandler
 312 00e0 00000000 		.word	EXTI15_10_IRQHandler
 313 00e4 00000000 		.word	RTCAlarm_IRQHandler
 314 00e8 00000000 		.word	OTG_FS_WKUP_IRQHandler
 315 00ec 00000000 		.word	0
 316 00f0 00000000 		.word	0
 317 00f4 00000000 		.word	0
 318 00f8 00000000 		.word	0
 319 00fc 00000000 		.word	0
 320 0100 00000000 		.word	0
 321 0104 00000000 		.word	0
 322 0108 00000000 		.word	TIM5_IRQHandler
 323 010c 00000000 		.word	SPI3_IRQHandler
 324 0110 00000000 		.word	UART4_IRQHandler
 325 0114 00000000 		.word	UART5_IRQHandler
 326 0118 00000000 		.word	TIM6_IRQHandler
 327 011c 00000000 		.word	TIM7_IRQHandler
 328 0120 00000000 		.word	DMA2_Channel1_IRQHandler
 329 0124 00000000 		.word	DMA2_Channel2_IRQHandler
 330 0128 00000000 		.word	DMA2_Channel3_IRQHandler
 331 012c 00000000 		.word	DMA2_Channel4_IRQHandler
 332 0130 00000000 		.word	DMA2_Channel5_IRQHandler
 333 0134 00000000 		.word	ETH_IRQHandler
 334 0138 00000000 		.word	ETH_WKUP_IRQHandler
 335 013c 00000000 		.word	CAN2_TX_IRQHandler
 336 0140 00000000 		.word	CAN2_RX0_IRQHandler
 337 0144 00000000 		.word	CAN2_RX1_IRQHandler
 338 0148 00000000 		.word	CAN2_SCE_IRQHandler
 339 014c 00000000 		.word	OTG_FS_IRQHandler
 340 0150 5FF808F1 		.word	-251070369
 341              		.section	.stack,"aw",%progbits
 342              		.align	2
 345              	pulStack:
 346 0000 00000000 		.space	16384
 346      00000000 
 346      00000000 
 346      00000000 
 346      00000000 
 347              		.text
 348              	.Letext0:
DEFINED SYMBOLS
                            *ABS*:00000000 startux_stm32f10x_cl.c
     /tmp/ccnF7g9N.s:20     .text.Default_Handler:00000000 $t
     /tmp/ccnF7g9N.s:24     .text.Default_Handler:00000000 Default_Handler
     /tmp/ccnF7g9N.s:24     .text.Default_Handler:00000000 OTG_FS_IRQHandler
     /tmp/ccnF7g9N.s:24     .text.Default_Handler:00000000 CAN2_SCE_IRQHandler
     /tmp/ccnF7g9N.s:24     .text.Default_Handler:00000000 CAN2_RX1_IRQHandler
     /tmp/ccnF7g9N.s:24     .text.Default_Handler:00000000 CAN2_RX0_IRQHandler
     /tmp/ccnF7g9N.s:24     .text.Default_Handler:00000000 CAN2_TX_IRQHandler
     /tmp/ccnF7g9N.s:24     .text.Default_Handler:00000000 ETH_WKUP_IRQHandler
     /tmp/ccnF7g9N.s:24     .text.Default_Handler:00000000 ETH_IRQHandler
     /tmp/ccnF7g9N.s:24     .text.Default_Handler:00000000 DMA2_Channel5_IRQHandler
     /tmp/ccnF7g9N.s:24     .text.Default_Handler:00000000 DMA2_Channel4_IRQHandler
     /tmp/ccnF7g9N.s:24     .text.Default_Handler:00000000 DMA2_Channel3_IRQHandler
     /tmp/ccnF7g9N.s:24     .text.Default_Handler:00000000 DMA2_Channel2_IRQHandler
     /tmp/ccnF7g9N.s:24     .text.Default_Handler:00000000 DMA2_Channel1_IRQHandler
     /tmp/ccnF7g9N.s:24     .text.Default_Handler:00000000 TIM7_IRQHandler
     /tmp/ccnF7g9N.s:24     .text.Default_Handler:00000000 TIM6_IRQHandler
     /tmp/ccnF7g9N.s:24     .text.Default_Handler:00000000 UART5_IRQHandler
     /tmp/ccnF7g9N.s:24     .text.Default_Handler:00000000 UART4_IRQHandler
     /tmp/ccnF7g9N.s:24     .text.Default_Handler:00000000 SPI3_IRQHandler
     /tmp/ccnF7g9N.s:24     .text.Default_Handler:00000000 TIM5_IRQHandler
     /tmp/ccnF7g9N.s:24     .text.Default_Handler:00000000 OTG_FS_WKUP_IRQHandler
     /tmp/ccnF7g9N.s:24     .text.Default_Handler:00000000 RTCAlarm_IRQHandler
     /tmp/ccnF7g9N.s:24     .text.Default_Handler:00000000 EXTI15_10_IRQHandler
     /tmp/ccnF7g9N.s:24     .text.Default_Handler:00000000 USART3_IRQHandler
     /tmp/ccnF7g9N.s:24     .text.Default_Handler:00000000 USART2_IRQHandler
     /tmp/ccnF7g9N.s:24     .text.Default_Handler:00000000 USART1_IRQHandler
     /tmp/ccnF7g9N.s:24     .text.Default_Handler:00000000 SPI2_IRQHandler
     /tmp/ccnF7g9N.s:24     .text.Default_Handler:00000000 SPI1_IRQHandler
     /tmp/ccnF7g9N.s:24     .text.Default_Handler:00000000 I2C2_ER_IRQHandler
     /tmp/ccnF7g9N.s:24     .text.Default_Handler:00000000 I2C2_EV_IRQHandler
     /tmp/ccnF7g9N.s:24     .text.Default_Handler:00000000 I2C1_ER_IRQHandler
     /tmp/ccnF7g9N.s:24     .text.Default_Handler:00000000 I2C1_EV_IRQHandler
     /tmp/ccnF7g9N.s:24     .text.Default_Handler:00000000 TIM4_IRQHandler
     /tmp/ccnF7g9N.s:24     .text.Default_Handler:00000000 TIM3_IRQHandler
     /tmp/ccnF7g9N.s:24     .text.Default_Handler:00000000 TIM2_IRQHandler
     /tmp/ccnF7g9N.s:24     .text.Default_Handler:00000000 TIM1_CC_IRQHandler
     /tmp/ccnF7g9N.s:24     .text.Default_Handler:00000000 TIM1_TRG_COM_IRQHandler
     /tmp/ccnF7g9N.s:24     .text.Default_Handler:00000000 TIM1_UP_IRQHandler
     /tmp/ccnF7g9N.s:24     .text.Default_Handler:00000000 TIM1_BRK_IRQHandler
     /tmp/ccnF7g9N.s:24     .text.Default_Handler:00000000 EXTI9_5_IRQHandler
     /tmp/ccnF7g9N.s:24     .text.Default_Handler:00000000 CAN1_SCE_IRQHandler
     /tmp/ccnF7g9N.s:24     .text.Default_Handler:00000000 CAN1_RX1_IRQHandler
     /tmp/ccnF7g9N.s:24     .text.Default_Handler:00000000 CAN1_RX0_IRQHandler
     /tmp/ccnF7g9N.s:24     .text.Default_Handler:00000000 CAN1_TX_IRQHandler
     /tmp/ccnF7g9N.s:24     .text.Default_Handler:00000000 ADC1_2_IRQHandler
     /tmp/ccnF7g9N.s:24     .text.Default_Handler:00000000 DMA1_Channel7_IRQHandler
     /tmp/ccnF7g9N.s:24     .text.Default_Handler:00000000 DMA1_Channel6_IRQHandler
     /tmp/ccnF7g9N.s:24     .text.Default_Handler:00000000 DMA1_Channel5_IRQHandler
     /tmp/ccnF7g9N.s:24     .text.Default_Handler:00000000 DMA1_Channel4_IRQHandler
     /tmp/ccnF7g9N.s:24     .text.Default_Handler:00000000 DMA1_Channel3_IRQHandler
     /tmp/ccnF7g9N.s:24     .text.Default_Handler:00000000 DMA1_Channel2_IRQHandler
     /tmp/ccnF7g9N.s:24     .text.Default_Handler:00000000 DMA1_Channel1_IRQHandler
     /tmp/ccnF7g9N.s:24     .text.Default_Handler:00000000 EXTI4_IRQHandler
     /tmp/ccnF7g9N.s:24     .text.Default_Handler:00000000 EXTI3_IRQHandler
     /tmp/ccnF7g9N.s:24     .text.Default_Handler:00000000 EXTI2_IRQHandler
     /tmp/ccnF7g9N.s:24     .text.Default_Handler:00000000 EXTI1_IRQHandler
     /tmp/ccnF7g9N.s:24     .text.Default_Handler:00000000 EXTI0_IRQHandler
     /tmp/ccnF7g9N.s:24     .text.Default_Handler:00000000 RCC_IRQHandler
     /tmp/ccnF7g9N.s:24     .text.Default_Handler:00000000 FLASH_IRQHandler
     /tmp/ccnF7g9N.s:24     .text.Default_Handler:00000000 RTC_IRQHandler
     /tmp/ccnF7g9N.s:24     .text.Default_Handler:00000000 TAMPER_IRQHandler
     /tmp/ccnF7g9N.s:24     .text.Default_Handler:00000000 PVD_IRQHandler
     /tmp/ccnF7g9N.s:24     .text.Default_Handler:00000000 WWDG_IRQHandler
     /tmp/ccnF7g9N.s:24     .text.Default_Handler:00000000 SysTick_Handler
     /tmp/ccnF7g9N.s:24     .text.Default_Handler:00000000 PendSV_Handler
     /tmp/ccnF7g9N.s:24     .text.Default_Handler:00000000 DebugMon_Handler
     /tmp/ccnF7g9N.s:24     .text.Default_Handler:00000000 SVC_Handler
     /tmp/ccnF7g9N.s:24     .text.Default_Handler:00000000 UsageFault_Handler
     /tmp/ccnF7g9N.s:24     .text.Default_Handler:00000000 BusFault_Handler
     /tmp/ccnF7g9N.s:24     .text.Default_Handler:00000000 MemManage_Handler
     /tmp/ccnF7g9N.s:24     .text.Default_Handler:00000000 HardFault_Handler
     /tmp/ccnF7g9N.s:24     .text.Default_Handler:00000000 NMI_Handler
     /tmp/ccnF7g9N.s:179    .text.Default_Reset_Handler:00000000 $t
     /tmp/ccnF7g9N.s:184    .text.Default_Reset_Handler:00000000 Default_Reset_Handler
     /tmp/ccnF7g9N.s:223    .text.Default_Reset_Handler:0000001e zero_loop
     /tmp/ccnF7g9N.s:241    .text.Default_Reset_Handler:00000034 $d
     /tmp/ccnF7g9N.s:184    .text.Default_Reset_Handler:00000000 Reset_Handler
     /tmp/ccnF7g9N.s:255    .isr_vectors:00000000 g_pfnVectors
     /tmp/ccnF7g9N.s:345    .stack:00000000 pulStack
     /tmp/ccnF7g9N.s:252    .isr_vectors:00000000 $d
     /tmp/ccnF7g9N.s:342    .stack:00000000 $d
     /tmp/ccnF7g9N.s:769    .text.Default_Reset_Handler:00000040 $d
                     .debug_frame:00000010 $d

UNDEFINED SYMBOLS
_sbss
_ebss
SystemInit
main
_sdata
_sidata
_edata
